This is pdfTeX, Version 3.141592653-2.6-1.40.22 (TeX Live 2022/dev/Debian) (preloaded format=pdflatex 2024.3.15)  17 MAR 2025 03:27
entering extended mode
 restricted \write18 enabled.
 %&-line parsing enabled.
**Main.tex
(./Main.tex
LaTeX2e <2021-11-15> patch level 1
L3 programming layer <2022-01-21>
(/usr/share/texlive/texmf-dist/tex/latex/base/report.cls
Document Class: report 2021/10/04 v1.4n Standard LaTeX document class
(/usr/share/texlive/texmf-dist/tex/latex/base/size11.clo
File: size11.clo 2021/10/04 v1.4n Standard LaTeX file (size option)
)
\c@part=\count185
\c@chapter=\count186
\c@section=\count187
\c@subsection=\count188
\c@subsubsection=\count189
\c@paragraph=\count190
\c@subparagraph=\count191
\c@figure=\count192
\c@table=\count193
\abovecaptionskip=\skip47
\belowcaptionskip=\skip48
\bibindent=\dimen138
)
(./Style/ChapterStyle.tex
(/usr/share/texlive/texmf-dist/tex/latex/geometry/geometry.sty
Package: geometry 2020/01/02 v5.9 Page Geometry

(/usr/share/texlive/texmf-dist/tex/latex/graphics/keyval.sty
Package: keyval 2014/10/28 v1.15 key=value parser (DPC)
\KV@toks@=\toks16
)
(/usr/share/texlive/texmf-dist/tex/generic/iftex/ifvtex.sty
Package: ifvtex 2019/10/25 v1.7 ifvtex legacy package. Use iftex instead.

(/usr/share/texlive/texmf-dist/tex/generic/iftex/iftex.sty
Package: iftex 2020/03/06 v1.0d TeX engine tests
))
\Gm@cnth=\count194
\Gm@cntv=\count195
\c@Gm@tempcnt=\count196
\Gm@bindingoffset=\dimen139
\Gm@wd@mp=\dimen140
\Gm@odd@mp=\dimen141
\Gm@even@mp=\dimen142
\Gm@layoutwidth=\dimen143
\Gm@layoutheight=\dimen144
\Gm@layouthoffset=\dimen145
\Gm@layoutvoffset=\dimen146
\Gm@dimlist=\toks17
)
(/usr/share/texmf/tex/latex/lm/lmodern.sty
Package: lmodern 2009/10/30 v1.6 Latin Modern Fonts
LaTeX Font Info:    Overwriting symbol font `operators' in version `normal'
(Font)                  OT1/cmr/m/n --> OT1/lmr/m/n on input line 22.
LaTeX Font Info:    Overwriting symbol font `letters' in version `normal'
(Font)                  OML/cmm/m/it --> OML/lmm/m/it on input line 23.
LaTeX Font Info:    Overwriting symbol font `symbols' in version `normal'
(Font)                  OMS/cmsy/m/n --> OMS/lmsy/m/n on input line 24.
LaTeX Font Info:    Overwriting symbol font `largesymbols' in version `normal'
(Font)                  OMX/cmex/m/n --> OMX/lmex/m/n on input line 25.
LaTeX Font Info:    Overwriting symbol font `operators' in version `bold'
(Font)                  OT1/cmr/bx/n --> OT1/lmr/bx/n on input line 26.
LaTeX Font Info:    Overwriting symbol font `letters' in version `bold'
(Font)                  OML/cmm/b/it --> OML/lmm/b/it on input line 27.
LaTeX Font Info:    Overwriting symbol font `symbols' in version `bold'
(Font)                  OMS/cmsy/b/n --> OMS/lmsy/b/n on input line 28.
LaTeX Font Info:    Overwriting symbol font `largesymbols' in version `bold'
(Font)                  OMX/cmex/m/n --> OMX/lmex/m/n on input line 29.
LaTeX Font Info:    Overwriting math alphabet `\mathbf' in version `normal'
(Font)                  OT1/cmr/bx/n --> OT1/lmr/bx/n on input line 31.
LaTeX Font Info:    Overwriting math alphabet `\mathsf' in version `normal'
(Font)                  OT1/cmss/m/n --> OT1/lmss/m/n on input line 32.
LaTeX Font Info:    Overwriting math alphabet `\mathit' in version `normal'
(Font)                  OT1/cmr/m/it --> OT1/lmr/m/it on input line 33.
LaTeX Font Info:    Overwriting math alphabet `\mathtt' in version `normal'
(Font)                  OT1/cmtt/m/n --> OT1/lmtt/m/n on input line 34.
LaTeX Font Info:    Overwriting math alphabet `\mathbf' in version `bold'
(Font)                  OT1/cmr/bx/n --> OT1/lmr/bx/n on input line 35.
LaTeX Font Info:    Overwriting math alphabet `\mathsf' in version `bold'
(Font)                  OT1/cmss/bx/n --> OT1/lmss/bx/n on input line 36.
LaTeX Font Info:    Overwriting math alphabet `\mathit' in version `bold'
(Font)                  OT1/cmr/bx/it --> OT1/lmr/bx/it on input line 37.
LaTeX Font Info:    Overwriting math alphabet `\mathtt' in version `bold'
(Font)                  OT1/cmtt/m/n --> OT1/lmtt/m/n on input line 38.
)
(/usr/share/texlive/texmf-dist/tex/latex/colortbl/colortbl.sty
Package: colortbl 2020/01/04 v1.0e Color table columns (DPC)

(/usr/share/texlive/texmf-dist/tex/latex/tools/array.sty
Package: array 2021/10/04 v2.5f Tabular extension package (FMi)
\col@sep=\dimen147
\ar@mcellbox=\box50
\extrarowheight=\dimen148
\NC@list=\toks18
\extratabsurround=\skip49
\backup@length=\skip50
\ar@cellbox=\box51
)
(/usr/share/texlive/texmf-dist/tex/latex/graphics/color.sty
Package: color 2021/12/07 v1.3c Standard LaTeX Color (DPC)

(/usr/share/texlive/texmf-dist/tex/latex/graphics-cfg/color.cfg
File: color.cfg 2016/01/02 v1.6 sample color configuration
)
Package color Info: Driver file: pdftex.def on input line 149.

(/usr/share/texlive/texmf-dist/tex/latex/graphics-def/pdftex.def
File: pdftex.def 2020/10/05 v1.2a Graphics/color driver for pdftex
))
\everycr=\toks19
\minrowclearance=\skip51
)
(/usr/share/texlive/texmf-dist/tex/latex/multirow/multirow.sty
Package: multirow 2021/03/15 v2.8 Span multiple rows of a table
\multirow@colwidth=\skip52
\multirow@cntb=\count197
\multirow@dima=\skip53
\bigstrutjot=\dimen149
)
(/usr/share/texlive/texmf-dist/tex/latex/lipsum/lipsum.sty
(/usr/share/texlive/texmf-dist/tex/latex/l3packages/l3keys2e/l3keys2e.sty
(/usr/share/texlive/texmf-dist/tex/latex/l3kernel/expl3.sty
Package: expl3 2022-01-21 L3 programming layer (loader) 

(/usr/share/texlive/texmf-dist/tex/latex/l3backend/l3backend-pdftex.def
File: l3backend-pdftex.def 2022-01-12 L3 backend support: PDF output (pdfTeX)
\l__color_backend_stack_int=\count198
\l__pdf_internal_box=\box52
))
Package: l3keys2e 2022-01-12 LaTeX2e option processing using LaTeX3 keys
)
Package: lipsum 2021-09-20 v2.7 150 paragraphs of Lorem Ipsum dummy text
\g__lipsum_par_int=\count199
\l__lipsum_a_int=\count266
\l__lipsum_b_int=\count267

(/usr/share/texlive/texmf-dist/tex/latex/lipsum/lipsum.ltd.tex))
(/usr/share/texlive/texmf-dist/tex/latex/setspace/setspace.sty
Package: setspace 2011/12/19 v6.7a set line spacing
)
(/usr/share/texlive/texmf-dist/tex/latex/base/inputenc.sty
Package: inputenc 2021/02/14 v1.3d Input encoding file
\inpenc@prehook=\toks20
\inpenc@posthook=\toks21
)
(/usr/share/texlive/texmf-dist/tex/generic/babel/babel.sty
Package: babel 2022/01/26 3.70 The Babel package
\babel@savecnt=\count268
\U@D=\dimen150
\l@unhyphenated=\language87

(/usr/share/texlive/texmf-dist/tex/generic/babel/txtbabel.def)
\bbl@readstream=\read2
\bbl@dirlevel=\count269

(/usr/share/texlive/texmf-dist/tex/generic/babel-english/english.ldf
Language: english 2017/06/06 v3.3r English support from the babel system
Package babel Info: Hyphen rules for 'canadian' set to \l@english
(babel)             (\language0). Reported on input line 102.
Package babel Info: Hyphen rules for 'australian' set to \l@ukenglish
(babel)             (\language33). Reported on input line 105.
Package babel Info: Hyphen rules for 'newzealand' set to \l@ukenglish
(babel)             (\language33). Reported on input line 108.
))
(/usr/share/texlive/texmf-dist/tex/latex/parskip/parskip.sty
Package: parskip 2021-03-14 v2.0h non-zero parskip adjustments

(/usr/share/texlive/texmf-dist/tex/latex/kvoptions/kvoptions.sty
Package: kvoptions 2020-10-07 v3.14 Key value format for package options (HO)

(/usr/share/texlive/texmf-dist/tex/generic/ltxcmds/ltxcmds.sty
Package: ltxcmds 2020-05-10 v1.25 LaTeX kernel commands for general use (HO)
)
(/usr/share/texlive/texmf-dist/tex/generic/kvsetkeys/kvsetkeys.sty
Package: kvsetkeys 2019/12/15 v1.18 Key value parser (HO)
))
(/usr/share/texlive/texmf-dist/tex/latex/etoolbox/etoolbox.sty
Package: etoolbox 2020/10/05 v2.5k e-TeX tools for LaTeX (JAW)
\etb@tempcnta=\count270
))
(/usr/share/texlive/texmf-dist/tex/latex/blindtext/blindtext.sty
Package: blindtext 2012/01/06 V2.0 blindtext-Package

(/usr/share/texlive/texmf-dist/tex/latex/tools/xspace.sty
Package: xspace 2014/10/28 v1.13 Space after command names (DPC,MH)
)
\c@blindtext=\count271
\c@Blindtext=\count272
\c@blind@countparstart=\count273
\blind@countxx=\count274
\blindtext@numBlindtext=\count275
\blind@countyy=\count276
\c@blindlist=\count277
\c@blindlistlevel=\count278
\c@blindlist@level=\count279
\blind@listitem=\count280
\c@blind@listcount=\count281
\c@blind@levelcount=\count282
\blind@mathformula=\count283
\blind@Mathformula=\count284
\c@blind@randomcount=\count285
\c@blind@randommax=\count286
\c@blind@pangramcount=\count287
\c@blind@pangrammax=\count288
)
(/usr/share/texlive/texmf-dist/tex/latex/amsmath/amsmath.sty
Package: amsmath 2021/10/15 v2.17l AMS math features
\@mathmargin=\skip54

For additional information on amsmath, use the `?' option.
(/usr/share/texlive/texmf-dist/tex/latex/amsmath/amstext.sty
Package: amstext 2021/08/26 v2.01 AMS text

(/usr/share/texlive/texmf-dist/tex/latex/amsmath/amsgen.sty
File: amsgen.sty 1999/11/30 v2.0 generic functions
\@emptytoks=\toks22
\ex@=\dimen151
))
(/usr/share/texlive/texmf-dist/tex/latex/amsmath/amsbsy.sty
Package: amsbsy 1999/11/29 v1.2d Bold Symbols
\pmbraise@=\dimen152
)
(/usr/share/texlive/texmf-dist/tex/latex/amsmath/amsopn.sty
Package: amsopn 2021/08/26 v2.02 operator names
)
\inf@bad=\count289
LaTeX Info: Redefining \frac on input line 234.
\uproot@=\count290
\leftroot@=\count291
LaTeX Info: Redefining \overline on input line 399.
\classnum@=\count292
\DOTSCASE@=\count293
LaTeX Info: Redefining \ldots on input line 496.
LaTeX Info: Redefining \dots on input line 499.
LaTeX Info: Redefining \cdots on input line 620.
\Mathstrutbox@=\box53
\strutbox@=\box54
\big@size=\dimen153
LaTeX Font Info:    Redeclaring font encoding OML on input line 743.
LaTeX Font Info:    Redeclaring font encoding OMS on input line 744.
\macc@depth=\count294
\c@MaxMatrixCols=\count295
\dotsspace@=\muskip16
\c@parentequation=\count296
\dspbrk@lvl=\count297
\tag@help=\toks23
\row@=\count298
\column@=\count299
\maxfields@=\count300
\andhelp@=\toks24
\eqnshift@=\dimen154
\alignsep@=\dimen155
\tagshift@=\dimen156
\tagwidth@=\dimen157
\totwidth@=\dimen158
\lineht@=\dimen159
\@envbody=\toks25
\multlinegap=\skip55
\multlinetaggap=\skip56
\mathdisplay@stack=\toks26
LaTeX Info: Redefining \[ on input line 2938.
LaTeX Info: Redefining \] on input line 2939.
)
(/usr/share/texlive/texmf-dist/tex/latex/enumitem/enumitem.sty
Package: enumitem 2019/06/20 v3.9 Customized lists
\labelindent=\skip57
\enit@outerparindent=\dimen160
\enit@toks=\toks27
\enit@inbox=\box55
\enit@count@id=\count301
\enitdp@description=\count302
)
(/usr/share/texlive/texmf-dist/tex/latex/fancyhdr/fancyhdr.sty
Package: fancyhdr 2021/01/28 v4.0.1 Extensive control of page headers and foote
rs
\f@nch@headwidth=\skip58
\f@nch@O@elh=\skip59
\f@nch@O@erh=\skip60
\f@nch@O@olh=\skip61
\f@nch@O@orh=\skip62
\f@nch@O@elf=\skip63
\f@nch@O@erf=\skip64
\f@nch@O@olf=\skip65
\f@nch@O@orf=\skip66
)
(/usr/share/texlive/texmf-dist/tex/latex/epigraph/epigraph.sty
Package: epigraph 2020/01/02 v1.5e typesetting epigraphs

(/usr/share/texlive/texmf-dist/tex/latex/nextpage/nextpage.sty
Package: nextpage 2009/09/03 v1.1a additional page commands
)
\beforeepigraphskip=\skip67
\afterepigraphskip=\skip68
\epigraphwidth=\skip69
\epigraphrule=\skip70
)
(/usr/share/texlive/texmf-dist/tex/latex/xcolor/xcolor.sty
Package: xcolor 2021/10/31 v2.13 LaTeX color extensions (UK)

(/usr/share/texlive/texmf-dist/tex/latex/graphics-cfg/color.cfg
File: color.cfg 2016/01/02 v1.6 sample color configuration
)
Package xcolor Info: Package option `usenames' ignored on input line 218.
Package xcolor Info: Driver file: pdftex.def on input line 227.
LaTeX Info: Redefining \color on input line 711.
\rownum=\count303
Package xcolor Info: Model `cmy' substituted by `cmy0' on input line 1352.
Package xcolor Info: Model `hsb' substituted by `rgb' on input line 1356.
Package xcolor Info: Model `RGB' extended on input line 1368.
Package xcolor Info: Model `HTML' substituted by `rgb' on input line 1370.
Package xcolor Info: Model `Hsb' substituted by `hsb' on input line 1371.
Package xcolor Info: Model `tHsb' substituted by `hsb' on input line 1372.
Package xcolor Info: Model `HSB' substituted by `hsb' on input line 1373.
Package xcolor Info: Model `Gray' substituted by `gray' on input line 1374.
Package xcolor Info: Model `wave' substituted by `hsb' on input line 1375.

(/usr/share/texlive/texmf-dist/tex/latex/graphics/dvipsnam.def
File: dvipsnam.def 2016/06/17 v3.0m Driver-dependent file (DPC,SPQR)
))
(/usr/share/texlive/texmf-dist/tex/latex/hyperref/hyperref.sty
Package: hyperref 2021-06-07 v7.00m Hypertext links for LaTeX

(/usr/share/texlive/texmf-dist/tex/generic/pdftexcmds/pdftexcmds.sty
Package: pdftexcmds 2020-06-27 v0.33 Utility functions of pdfTeX for LuaTeX (HO
)

(/usr/share/texlive/texmf-dist/tex/generic/infwarerr/infwarerr.sty
Package: infwarerr 2019/12/03 v1.5 Providing info/warning/error messages (HO)
)
Package pdftexcmds Info: \pdf@primitive is available.
Package pdftexcmds Info: \pdf@ifprimitive is available.
Package pdftexcmds Info: \pdfdraftmode found.
)
(/usr/share/texlive/texmf-dist/tex/generic/kvdefinekeys/kvdefinekeys.sty
Package: kvdefinekeys 2019-12-19 v1.6 Define keys (HO)
)
(/usr/share/texlive/texmf-dist/tex/generic/pdfescape/pdfescape.sty
Package: pdfescape 2019/12/09 v1.15 Implements pdfTeX's escape features (HO)
)
(/usr/share/texlive/texmf-dist/tex/latex/hycolor/hycolor.sty
Package: hycolor 2020-01-27 v1.10 Color options for hyperref/bookmark (HO)
)
(/usr/share/texlive/texmf-dist/tex/latex/letltxmacro/letltxmacro.sty
Package: letltxmacro 2019/12/03 v1.6 Let assignment for LaTeX macros (HO)
)
(/usr/share/texlive/texmf-dist/tex/latex/auxhook/auxhook.sty
Package: auxhook 2019-12-17 v1.6 Hooks for auxiliary files (HO)
)
\@linkdim=\dimen161
\Hy@linkcounter=\count304
\Hy@pagecounter=\count305

(/usr/share/texlive/texmf-dist/tex/latex/hyperref/pd1enc.def
File: pd1enc.def 2021-06-07 v7.00m Hyperref: PDFDocEncoding definition (HO)
Now handling font encoding PD1 ...
... no UTF-8 mapping file for font encoding PD1
)
(/usr/share/texlive/texmf-dist/tex/latex/hyperref/hyperref-langpatches.def
File: hyperref-langpatches.def 2021-06-07 v7.00m Hyperref: patches for babel la
nguages
)
(/usr/share/texlive/texmf-dist/tex/generic/intcalc/intcalc.sty
Package: intcalc 2019/12/15 v1.3 Expandable calculations with integers (HO)
)
(/usr/share/texlive/texmf-dist/tex/generic/etexcmds/etexcmds.sty
Package: etexcmds 2019/12/15 v1.7 Avoid name clashes with e-TeX commands (HO)
)
\Hy@SavedSpaceFactor=\count306

(/usr/share/texlive/texmf-dist/tex/latex/hyperref/puenc.def
File: puenc.def 2021-06-07 v7.00m Hyperref: PDF Unicode definition (HO)
Now handling font encoding PU ...
... no UTF-8 mapping file for font encoding PU
)
Package hyperref Info: Hyper figures OFF on input line 4192.
Package hyperref Info: Link nesting OFF on input line 4197.
Package hyperref Info: Hyper index ON on input line 4200.
Package hyperref Info: Plain pages OFF on input line 4207.
Package hyperref Info: Backreferencing OFF on input line 4212.
Package hyperref Info: Implicit mode ON; LaTeX internals redefined.
Package hyperref Info: Bookmarks ON on input line 4445.
\c@Hy@tempcnt=\count307

(/usr/share/texlive/texmf-dist/tex/latex/url/url.sty
\Urlmuskip=\muskip17
Package: url 2013/09/16  ver 3.4  Verb mode for urls, etc.
)
LaTeX Info: Redefining \url on input line 4804.
\XeTeXLinkMargin=\dimen162

(/usr/share/texlive/texmf-dist/tex/generic/bitset/bitset.sty
Package: bitset 2019/12/09 v1.3 Handle bit-vector datatype (HO)

(/usr/share/texlive/texmf-dist/tex/generic/bigintcalc/bigintcalc.sty
Package: bigintcalc 2019/12/15 v1.5 Expandable calculations on big integers (HO
)
))
\Fld@menulength=\count308
\Field@Width=\dimen163
\Fld@charsize=\dimen164
Package hyperref Info: Hyper figures OFF on input line 6076.
Package hyperref Info: Link nesting OFF on input line 6081.
Package hyperref Info: Hyper index ON on input line 6084.
Package hyperref Info: backreferencing OFF on input line 6091.
Package hyperref Info: Link coloring OFF on input line 6096.
Package hyperref Info: Link coloring with OCG OFF on input line 6101.
Package hyperref Info: PDF/A mode OFF on input line 6106.
LaTeX Info: Redefining \ref on input line 6146.
LaTeX Info: Redefining \pageref on input line 6150.

(/usr/share/texlive/texmf-dist/tex/latex/base/atbegshi-ltx.sty
Package: atbegshi-ltx 2021/01/10 v1.0c Emulation of the original atbegshi
package with kernel methods
)
\Hy@abspage=\count309
\c@Item=\count310
\c@Hfootnote=\count311
)
Package hyperref Info: Driver (autodetected): hpdftex.

(/usr/share/texlive/texmf-dist/tex/latex/hyperref/hpdftex.def
File: hpdftex.def 2021-06-07 v7.00m Hyperref driver for pdfTeX

(/usr/share/texlive/texmf-dist/tex/latex/base/atveryend-ltx.sty
Package: atveryend-ltx 2020/08/19 v1.0a Emulation of the original atveryend pac
kage
with kernel methods
)
\Fld@listcount=\count312
\c@bookmark@seq@number=\count313

(/usr/share/texlive/texmf-dist/tex/latex/rerunfilecheck/rerunfilecheck.sty
Package: rerunfilecheck 2019/12/05 v1.9 Rerun checks for auxiliary files (HO)

(/usr/share/texlive/texmf-dist/tex/generic/uniquecounter/uniquecounter.sty
Package: uniquecounter 2019/12/15 v1.4 Provide unlimited unique counter (HO)
)
Package uniquecounter Info: New unique counter `rerunfilecheck' on input line 2
86.
)
\Hy@SectionHShift=\skip71
)
Package hyperref Info: Option `colorlinks' set `true' on input line 70.

(/usr/share/texlive/texmf-dist/tex/latex/csquotes/csquotes.sty
Package: csquotes 2021-02-22 v5.2l context-sensitive quotations (JAW)
\csq@reset=\count314
\csq@gtype=\count315
\csq@glevel=\count316
\csq@qlevel=\count317
\csq@maxlvl=\count318
\csq@tshold=\count319
\csq@ltx@everypar=\toks28

(/usr/share/texlive/texmf-dist/tex/latex/csquotes/csquotes.def
File: csquotes.def 2021-02-22 v5.2l csquotes generic definitions (JAW)
)
Package csquotes Info: Trying to load configuration file 'csquotes.cfg'...
Package csquotes Info: ... configuration file loaded successfully.

(/usr/share/texlive/texmf-dist/tex/latex/csquotes/csquotes.cfg
File: csquotes.cfg 
)
Package csquotes Info: Disabling multilingual quotes.
Package csquotes Info: Disabling multilingual quotes.
Package csquotes Info: Redefining alias 'default' -> 'ukenglish'.
)
Package csquotes Info: Allocating character ".

(/usr/share/texlive/texmf-dist/tex/latex/graphics/graphicx.sty
Package: graphicx 2021/09/16 v1.2d Enhanced LaTeX Graphics (DPC,SPQR)

(/usr/share/texlive/texmf-dist/tex/latex/graphics/graphics.sty
Package: graphics 2021/03/04 v1.4d Standard LaTeX Graphics (DPC,SPQR)

(/usr/share/texlive/texmf-dist/tex/latex/graphics/trig.sty
Package: trig 2021/08/11 v1.11 sin cos tan (DPC)
)
(/usr/share/texlive/texmf-dist/tex/latex/graphics-cfg/graphics.cfg
File: graphics.cfg 2016/06/04 v1.11 sample graphics configuration
)
Package graphics Info: Driver file: pdftex.def on input line 107.
)
\Gin@req@height=\dimen165
\Gin@req@width=\dimen166
)
(/usr/share/texlive/texmf-dist/tex/latex/makecell/makecell.sty
Package: makecell 2009/08/03 V0.1e Managing of Tab Column Heads and Cells
\rotheadsize=\dimen167
\c@nlinenum=\count320
\TeXr@lab=\toks29
)
(/usr/share/texlive/texmf-dist/tex/latex/transparent/transparent.sty
Package: transparent 2019/11/29 v1.4 Transparency via pdfTeX's color stack (HO)

)
(/usr/share/texlive/texmf-dist/tex/latex/siunitx/siunitx.sty
Package: siunitx 2022-02-02 v3.0.46 A comprehensive (SI) units package
\l__siunitx_angle_tmp_dim=\dimen168
\l__siunitx_angle_marker_box=\box56
\l__siunitx_angle_unit_box=\box57
\l__siunitx_compound_count_int=\count321

(/usr/share/texlive/texmf-dist/tex/latex/translations/translations.sty
Package: translations 2022/01/04 v1.11 internationalization of LaTeX2e packages
 (CN)
)
\l__siunitx_number_exponent_fixed_int=\count322
\l__siunitx_number_min_decimal_int=\count323
\l__siunitx_number_min_integer_int=\count324
\l__siunitx_number_round_precision_int=\count325
\l__siunitx_number_group_minimum_int=\count326
\l__siunitx_table_tmp_box=\box58
\l__siunitx_table_tmp_dim=\dimen169
\l__siunitx_table_column_width_dim=\dimen170
\l__siunitx_table_integer_box=\box59
\l__siunitx_table_decimal_box=\box60
\l__siunitx_table_before_box=\box61
\l__siunitx_table_after_box=\box62
\l__siunitx_table_before_dim=\dimen171
\l__siunitx_table_carry_dim=\dimen172
\l__siunitx_unit_tmp_int=\count327
\l__siunitx_unit_position_int=\count328
\l__siunitx_unit_total_int=\count329
)
(/usr/share/texlive/texmf-dist/tex/latex/microtype/microtype.sty
Package: microtype 2021/12/10 v3.0b Micro-typographical refinements (RS)
\MT@toks=\toks30
\MT@count=\count330
\MT@tempbox=\box63
LaTeX Info: Redefining \leftprotrusion on input line 1010.
LaTeX Info: Redefining \rightprotrusion on input line 1018.
LaTeX Info: Redefining \textls on input line 1173.
\MT@outer@kern=\dimen173
LaTeX Info: Redefining \textmicrotypecontext on input line 1759.
\MT@listname@count=\count331

(/usr/share/texlive/texmf-dist/tex/latex/microtype/microtype-pdftex.def
File: microtype-pdftex.def 2021/12/10 v3.0b Definitions specific to pdftex (RS)

LaTeX Info: Redefining \lsstyle on input line 897.
LaTeX Info: Redefining \lslig on input line 897.
\MT@outer@space=\skip72
)
Package microtype Info: Loading configuration file microtype.cfg.

(/usr/share/texlive/texmf-dist/tex/latex/microtype/microtype.cfg
File: microtype.cfg 2021/12/10 v3.0b microtype main configuration file (RS)
))
(/usr/share/texlive/texmf-dist/tex/latex/base/fontenc.sty
Package: fontenc 2021/04/29 v2.0v Standard LaTeX package
LaTeX Font Info:    Trying to load font information for T1+lmr on input line 11
2.

(/usr/share/texmf/tex/latex/lm/t1lmr.fd
File: t1lmr.fd 2009/10/30 v1.6 Font defs for Latin Modern
))
(/usr/share/texlive/texmf-dist/tex/latex/listings/listings.sty
\lst@mode=\count332
\lst@gtempboxa=\box64
\lst@token=\toks31
\lst@length=\count333
\lst@currlwidth=\dimen174
\lst@column=\count334
\lst@pos=\count335
\lst@lostspace=\dimen175
\lst@width=\dimen176
\lst@newlines=\count336
\lst@lineno=\count337
\lst@maxwidth=\dimen177

(/usr/share/texlive/texmf-dist/tex/latex/listings/lstmisc.sty
File: lstmisc.sty 2020/03/24 1.8d (Carsten Heinz)
\c@lstnumber=\count338
\lst@skipnumbers=\count339
\lst@framebox=\box65
)
(/usr/share/texlive/texmf-dist/tex/latex/listings/listings.cfg
File: listings.cfg 2020/03/24 1.8d listings configuration
))
Package: listings 2020/03/24 1.8d (Carsten Heinz)

(/usr/share/texlive/texmf-dist/tex/latex/dejavu/DejaVuSansMono.sty
Package: DejaVuSansMono 2011/06/01 Style file for DejaVuSansMono.
)
(/usr/share/texlive/texmf-dist/tex/latex/listings/lstlang1.sty
File: lstlang1.sty 2020/03/24 1.8d listings language file
)
(/usr/share/texlive/texmf-dist/tex/latex/caption/caption.sty
Package: caption 2020/10/26 v3.5g Customizing captions (AR)

(/usr/share/texlive/texmf-dist/tex/latex/caption/caption3.sty
Package: caption3 2020/10/21 v2.2e caption3 kernel (AR)
\captionmargin=\dimen178
\captionmargin@=\dimen179
\captionwidth=\dimen180
\caption@tempdima=\dimen181
\caption@indent=\dimen182
\caption@parindent=\dimen183
\caption@hangindent=\dimen184
Package caption Info: Standard document class detected.
)
\c@caption@flags=\count340
\c@continuedfloat=\count341
Package caption Info: hyperref package is loaded.
Package caption Info: listings package is loaded.
)
(/usr/share/texlive/texmf-dist/tex/latex/caption/subcaption.sty
Package: subcaption 2020/10/07 v1.3j Sub-captions (AR)
\c@subfigure=\count342
\c@subtable=\count343
)
(/usr/share/texlive/texmf-dist/tex/latex/glossaries-extra/glossaries-extra.sty
Package: glossaries-extra 2021/11/22 v1.48 (NLCT)

(/usr/share/texlive/texmf-dist/tex/latex/xkeyval/xkeyval.sty
Package: xkeyval 2020/11/20 v2.8 package option processing (HA)

(/usr/share/texlive/texmf-dist/tex/generic/xkeyval/xkeyval.tex
(/usr/share/texlive/texmf-dist/tex/generic/xkeyval/xkvutils.tex
\XKV@toks=\toks32
\XKV@tempa@toks=\toks33
)
\XKV@depth=\count344
File: xkeyval.tex 2014/12/03 v2.7a key=value parser (HA)
))
(/usr/share/texlive/texmf-dist/tex/latex/glossaries/base/glossaries.sty
Package: glossaries 2021/11/01 v4.49 (NLCT)

(/usr/share/texlive/texmf-dist/tex/latex/base/ifthen.sty
Package: ifthen 2020/11/24 v1.1c Standard LaTeX ifthen package (DPC)
)
(/usr/share/texlive/texmf-dist/tex/latex/mfirstuc/mfirstuc.sty
Package: mfirstuc 2021/10/15 v2.07 (NLCT)
\@glsmfirst=\toks34
\@glsmrest=\toks35
)
(/usr/share/texlive/texmf-dist/tex/latex/textcase/textcase.sty
Package: textcase 2019/09/14 v1.00 Text only upper/lower case changing (DPC)
)
(/usr/share/texlive/texmf-dist/tex/latex/xfor/xfor.sty
Package: xfor 2009/02/05 v1.05 (NLCT)
)
(/usr/share/texlive/texmf-dist/tex/latex/datatool/datatool-base.sty
Package: datatool-base 2019/09/27 v2.32 (NLCT)

(/usr/share/texlive/texmf-dist/tex/latex/substr/substr.sty
Package: substr 2009/10/20 v1.2 Handle substrings
\c@su@anzahl=\count345
)
(/usr/share/texlive/texmf-dist/tex/latex/datatool/datatool-fp.sty
Package: datatool-fp 2019/09/27 v2.32 (NLCT)

(/usr/share/texlive/texmf-dist/tex/latex/fp/fp.sty
Package: fp 1995/04/02

`Fixed Point Package', Version 0.8, April 2, 1995 (C) Michael Mehlich
(/usr/share/texlive/texmf-dist/tex/latex/fp/defpattern.sty
Package: defpattern 1994/10/12
\actioncount=\count346
)
(/usr/share/texlive/texmf-dist/tex/latex/fp/fp-basic.sty
Package: fp-basic 1996/05/13
\FP@xs=\count347
\FP@xia=\count348
\FP@xib=\count349
\FP@xfa=\count350
\FP@xfb=\count351
\FP@rega=\count352
\FP@regb=\count353
\FP@regs=\count354
\FP@times=\count355
)
(/usr/share/texlive/texmf-dist/tex/latex/fp/fp-addons.sty
Package: fp-addons 1995/03/15
)
(/usr/share/texlive/texmf-dist/tex/latex/fp/fp-snap.sty
Package: fp-snap 1995/04/05
)
(/usr/share/texlive/texmf-dist/tex/latex/fp/fp-exp.sty
Package: fp-exp 1995/04/03
)
(/usr/share/texlive/texmf-dist/tex/latex/fp/fp-trigo.sty
Package: fp-trigo 1995/04/14
)
(/usr/share/texlive/texmf-dist/tex/latex/fp/fp-pas.sty
Package: fp-pas 1994/08/29
)
(/usr/share/texlive/texmf-dist/tex/latex/fp/fp-random.sty
Package: fp-random 1995/02/23
\FPseed=\count356
)
(/usr/share/texlive/texmf-dist/tex/latex/fp/fp-eqn.sty
Package: fp-eqn 1995/04/03
)
(/usr/share/texlive/texmf-dist/tex/latex/fp/fp-upn.sty
Package: fp-upn 1996/10/21
)
(/usr/share/texlive/texmf-dist/tex/latex/fp/fp-eval.sty
Package: fp-eval 1995/04/03
)))
\@dtl@toks=\toks36
\@dtl@tmpcount=\count357
\dtl@tmplength=\skip73
\dtl@sortresult=\count358
\@dtl@numgrpsepcount=\count359
\@dtl@datatype=\count360
\dtl@codeA=\count361
\dtl@codeB=\count362
\@dtl@foreach@level=\count363
)
(/usr/share/texlive/texmf-dist/tex/latex/glossaries/base/glossaries-compatible-
307.sty
Package: glossaries-compatible-307 2021/11/01 v4.49 (NLCT)
) (/usr/share/texlive/texmf-dist/tex/latex/tracklang/tracklang.sty
Package: tracklang 2020/06/30 v1.5 (NLCT) Track Languages

(/usr/share/texlive/texmf-dist/tex/generic/tracklang/tracklang.tex))
(/usr/share/texlive/texmf-dist/tex/latex/glossaries-english/glossaries-english.
ldf
File: glossaries-english.ldf 2014/11/23 v1.0
)
\gls@level=\count364
\@gls@tmpb=\toks37
\gls@tmplen=\skip74
\glskeylisttok=\toks38
\glslabeltok=\toks39
\glsshorttok=\toks40
\glslongtok=\toks41

(/usr/share/texlive/texmf-dist/tex/latex/glossaries/styles/glossary-hypernav.st
y
Package: glossary-hypernav 2021/11/01 v4.49 (NLCT)
) (/usr/share/texlive/texmf-dist/tex/latex/glossaries/styles/glossary-list.sty
Package: glossary-list 2021/11/01 v4.49 (NLCT)
\glslistdottedwidth=\skip75
) (/usr/share/texlive/texmf-dist/tex/latex/glossaries/styles/glossary-long.sty
Package: glossary-long 2021/11/01 v4.49 (NLCT)

(/usr/share/texlive/texmf-dist/tex/latex/tools/longtable.sty
Package: longtable 2021-09-01 v4.17 Multi-page Table package (DPC)
\LTleft=\skip76
\LTright=\skip77
\LTpre=\skip78
\LTpost=\skip79
\LTchunksize=\count365
\LTcapwidth=\dimen185
\LT@head=\box66
\LT@firsthead=\box67
\LT@foot=\box68
\LT@lastfoot=\box69
\LT@gbox=\box70
\LT@cols=\count366
\LT@rows=\count367
\c@LT@tables=\count368
\c@LT@chunks=\count369
\LT@p@ftn=\toks42
)
\glsdescwidth=\skip80
\glspagelistwidth=\skip81
)
(/usr/share/texlive/texmf-dist/tex/latex/glossaries/styles/glossary-super.sty
Package: glossary-super 2021/11/01 v4.49 (NLCT)

(/usr/share/texlive/texmf-dist/tex/latex/supertabular/supertabular.sty
Package: supertabular 2020/02/02 v4.1g the supertabular environment
\c@tracingst=\count370
\ST@wd=\dimen186
\ST@rightskip=\skip82
\ST@leftskip=\skip83
\ST@parfillskip=\skip84
\ST@pageleft=\dimen187
\ST@headht=\dimen188
\ST@tailht=\dimen189
\ST@pagesofar=\dimen190
\ST@pboxht=\dimen191
\ST@lineht=\dimen192
\ST@prevht=\dimen193
\ST@toadd=\dimen194
\ST@dimen=\dimen195
\ST@pbox=\box71
))
(/usr/share/texlive/texmf-dist/tex/latex/glossaries/styles/glossary-tree.sty
Package: glossary-tree 2021/11/01 v4.49 (NLCT)
\glstreeindent=\skip85
))
\@glsxtr@leveloffset=\count371
\glsxtrresourcecount=\count372
\@glsxtrnewgls@inner=\count373
\glsshortpltok=\toks43
\glslongpltok=\toks44
\mglselementindex=\count374
) (/usr/share/texlive/texmf-dist/tex/latex/amscls/amsthm.sty
Package: amsthm 2020/05/29 v2.20.6
\thm@style=\toks45
\thm@bodyfont=\toks46
\thm@headfont=\toks47
\thm@notefont=\toks48
\thm@headpunct=\toks49
\thm@preskip=\skip86
\thm@postskip=\skip87
\thm@headsep=\skip88
\dth@everypar=\toks50
)
(/usr/share/texlive/texmf-dist/tex/latex/amsfonts/amssymb.sty
Package: amssymb 2013/01/14 v3.01 AMS font symbols

(/usr/share/texlive/texmf-dist/tex/latex/amsfonts/amsfonts.sty
Package: amsfonts 2013/01/14 v3.01 Basic AMSFonts support
\symAMSa=\mathgroup4
\symAMSb=\mathgroup5
LaTeX Font Info:    Redeclaring math symbol \hbar on input line 98.
LaTeX Font Info:    Overwriting math alphabet `\mathfrak' in version `bold'
(Font)                  U/euf/m/n --> U/euf/b/n on input line 106.
))
(/usr/share/texlive/texmf-dist/tex/latex/jknapltx/mathrsfs.sty
Package: mathrsfs 1996/01/01 Math RSFS package v1.0 (jk)
\symrsfs=\mathgroup6
)
(/usr/share/texlive/texmf-dist/tex/latex/mathtools/mathtools.sty
Package: mathtools 2021/02/02 v1.28 mathematical typesetting tools

(/usr/share/texlive/texmf-dist/tex/latex/tools/calc.sty
Package: calc 2017/05/25 v4.3 Infix arithmetic (KKT,FJ)
\calc@Acount=\count375
\calc@Bcount=\count376
\calc@Adimen=\dimen196
\calc@Bdimen=\dimen197
\calc@Askip=\skip89
\calc@Bskip=\skip90
LaTeX Info: Redefining \setlength on input line 80.
LaTeX Info: Redefining \addtolength on input line 81.
\calc@Ccount=\count377
\calc@Cskip=\skip91
)
(/usr/share/texlive/texmf-dist/tex/latex/mathtools/mhsetup.sty
Package: mhsetup 2021/03/18 v1.4 programming setup (MH)
)
\g_MT_multlinerow_int=\count378
\l_MT_multwidth_dim=\dimen198
\origjot=\skip92
\l_MT_shortvdotswithinadjustabove_dim=\dimen199
\l_MT_shortvdotswithinadjustbelow_dim=\dimen256
\l_MT_above_intertext_sep=\dimen257
\l_MT_below_intertext_sep=\dimen258
\l_MT_above_shortintertext_sep=\dimen259
\l_MT_below_shortintertext_sep=\dimen260
\xmathstrut@box=\box72
\xmathstrut@dim=\dimen261
)
(/usr/share/texlive/texmf-dist/tex/latex/algorithm2e/algorithm2e.sty
Package: algorithm2e 2017/07/18 v5.2 algorithms environments
\c@AlgoLine=\count379
\algocf@hangindent=\skip93

(/usr/share/texlive/texmf-dist/tex/latex/ifoddpage/ifoddpage.sty
Package: ifoddpage 2016/04/23 v1.1 Conditionals for odd/even page detection
\c@checkoddpage=\count380
)
(/usr/share/texlive/texmf-dist/tex/latex/relsize/relsize.sty
Package: relsize 2013/03/29 ver 4.1
)
\skiptotal=\skip94
\skiplinenumber=\skip95
\skiprule=\skip96
\skiphlne=\skip97
\skiptext=\skip98
\skiplength=\skip99
\algomargin=\skip100
\skipalgocfslide=\skip101
\algowidth=\dimen262
\inoutsize=\dimen263
\inoutindent=\dimen264
\interspacetitleruled=\dimen265
\interspacealgoruled=\dimen266
\interspacetitleboxruled=\dimen267
\algocf@ruledwidth=\skip102
\algocf@inoutbox=\box73
\algocf@inputbox=\box74
\AlCapSkip=\skip103
\AlCapHSkip=\skip104
\algoskipindent=\skip105
\algocf@nlbox=\box75
\algocf@hangingbox=\box76
\algocf@untilbox=\box77
\algocf@skipuntil=\skip106
\algocf@capbox=\box78
\algocf@lcaptionbox=\skip107
\algoheightruledefault=\skip108
\algoheightrule=\skip109
\algotitleheightruledefault=\skip110
\algotitleheightrule=\skip111
\c@algocfline=\count381
\c@algocfproc=\count382
\c@algocf=\count383
\algocf@algoframe=\box79
\algocf@algobox=\box80
)
(/usr/share/texlive/texmf-dist/tex/latex/footmisc/footmisc.sty
Package: footmisc 2011/06/06 v5.5b a miscellany of footnote facilities
\FN@temptoken=\toks51
\footnotemargin=\dimen268
\c@pp@next@reset=\count384
Package footmisc Info: Declaring symbol style bringhurst on input line 855.
Package footmisc Info: Declaring symbol style chicago on input line 863.
Package footmisc Info: Declaring symbol style wiley on input line 872.
Package footmisc Info: Declaring symbol style lamport-robust on input line 883.

Package footmisc Info: Declaring symbol style lamport* on input line 903.
Package footmisc Info: Declaring symbol style lamport*-robust on input line 924
.
)
(/usr/share/texlive/texmf-dist/tex/latex/tocbibind/tocbibind.sty
Package: tocbibind 2010/10/13 v1.5k extra ToC listings
Package tocbibind Info: The document has chapter divisions on input line 50.


Package tocbibind Note: Using chapter style headings, unless overridden.

)) (/usr/share/texlive/texmf-dist/tex/latex/standalone/standalone.sty
Package: standalone 2018/03/26 v1.3a Package to include TeX sub-files with prea
mbles

(/usr/share/texlive/texmf-dist/tex/latex/tools/shellesc.sty
Package: shellesc 2019/11/08 v1.0c unified shell escape interface for LaTeX
Package shellesc Info: Restricted shell escape enabled on input line 77.
)
(/usr/share/texlive/texmf-dist/tex/latex/currfile/currfile.sty
Package: currfile 2020/09/29 v0.7d Provides the file path elements of the curre
nt input file

(/usr/share/texlive/texmf-dist/tex/latex/filehook/filehook.sty
Package: filehook 2020/09/29 v0.8a Hooks for input files

(/usr/share/texlive/texmf-dist/tex/latex/filehook/filehook-2020.sty
Package: filehook-2020 2020/09/29 v0.8a Hooks for input files
))
\c@currfiledepth=\count385
)
(/usr/share/texlive/texmf-dist/tex/latex/gincltex/gincltex.sty
(/usr/share/texlive/texmf-dist/tex/latex/svn-prov/svn-prov.sty
Package: svn-prov 2010/04/24 v3.1862 Package Date/Version from SVN Keywords
)
Package: gincltex 2011/09/04 v0.3 Include external LaTeX files like graphics

(/usr/share/texlive/texmf-dist/tex/latex/adjustbox/adjustbox.sty
Package: adjustbox 2020/08/19 v1.3 Adjusting TeX boxes (trim, clip, ...)

(/usr/share/texlive/texmf-dist/tex/latex/adjustbox/adjcalc.sty
Package: adjcalc 2012/05/16 v1.1 Provides advanced setlength with multiple back
-ends (calc, etex, pgfmath)
)
(/usr/share/texlive/texmf-dist/tex/latex/adjustbox/trimclip.sty
Package: trimclip 2020/08/19 v1.2 Trim and clip general TeX material

(/usr/share/texlive/texmf-dist/tex/latex/collectbox/collectbox.sty
Package: collectbox 2012/05/17 v0.4b Collect macro arguments as boxes
\collectedbox=\box81
)
\tc@llx=\dimen269
\tc@lly=\dimen270
\tc@urx=\dimen271
\tc@ury=\dimen272
Package trimclip Info: Using driver 'tc-pdftex.def'.

(/usr/share/texlive/texmf-dist/tex/latex/adjustbox/tc-pdftex.def
File: tc-pdftex.def 2019/01/04 v2.2 Clipping driver for pdftex
))
\adjbox@Width=\dimen273
\adjbox@Height=\dimen274
\adjbox@Depth=\dimen275
\adjbox@Totalheight=\dimen276
\adjbox@pwidth=\dimen277
\adjbox@pheight=\dimen278
\adjbox@pdepth=\dimen279
\adjbox@ptotalheight=\dimen280

(/usr/share/texlive/texmf-dist/tex/latex/varwidth/varwidth.sty
Package: varwidth 2009/03/30 ver 0.92;  Variable-width minipages
\@vwid@box=\box82
\sift@deathcycles=\count386
\@vwid@loff=\dimen281
\@vwid@roff=\dimen282
))
\gincltex@box=\box83
)
(/usr/share/texlive/texmf-dist/tex/latex/filemod/filemod-expmin.sty
Package: filemod-expmin 2011/09/19 v1.2 Get and compare file modification times
 (expandable; minimal)
))
(./FrontMatter/Glossary.tex) (./Main.aux)
\openout1 = `Main.aux'.

LaTeX Font Info:    Checking defaults for OML/cmm/m/it on input line 8.
LaTeX Font Info:    ... okay on input line 8.
LaTeX Font Info:    Checking defaults for OMS/cmsy/m/n on input line 8.
LaTeX Font Info:    ... okay on input line 8.
LaTeX Font Info:    Checking defaults for OT1/cmr/m/n on input line 8.
LaTeX Font Info:    ... okay on input line 8.
LaTeX Font Info:    Checking defaults for T1/cmr/m/n on input line 8.
LaTeX Font Info:    ... okay on input line 8.
LaTeX Font Info:    Checking defaults for TS1/cmr/m/n on input line 8.
LaTeX Font Info:    ... okay on input line 8.
LaTeX Font Info:    Checking defaults for OMX/cmex/m/n on input line 8.
LaTeX Font Info:    ... okay on input line 8.
LaTeX Font Info:    Checking defaults for U/cmr/m/n on input line 8.
LaTeX Font Info:    ... okay on input line 8.
LaTeX Font Info:    Checking defaults for PD1/pdf/m/n on input line 8.
LaTeX Font Info:    ... okay on input line 8.
LaTeX Font Info:    Checking defaults for PU/pdf/m/n on input line 8.
LaTeX Font Info:    ... okay on input line 8.

*geometry* driver: auto-detecting
*geometry* detected driver: pdftex
*geometry* verbose mode - [ preamble ] result:
* driver: pdftex
* paper: a4paper
* layout: <same size as paper>
* layoutoffset:(h,v)=(0.0pt,0.0pt)
* modes: 
* h-part:(L,W,R)=(56.9055pt, 483.69687pt, 56.9055pt)
* v-part:(T,H,B)=(71.13188pt, 702.78308pt, 71.13188pt)
* \paperwidth=597.50787pt
* \paperheight=845.04684pt
* \textwidth=483.69687pt
* \textheight=702.78308pt
* \oddsidemargin=-15.36449pt
* \evensidemargin=-15.36449pt
* \topmargin=-38.1381pt
* \headheight=13.6pt
* \headsep=25.0pt
* \topskip=11.0pt
* \footskip=30.0pt
* \marginparwidth=59.0pt
* \marginparsep=10.0pt
* \columnsep=10.0pt
* \skip\footins=10.0pt plus 4.0pt minus 2.0pt
* \hoffset=0.0pt
* \voffset=0.0pt
* \mag=1000
* \@twocolumnfalse
* \@twosidefalse
* \@mparswitchfalse
* \@reversemarginfalse
* (1in=72.27pt=25.4mm, 1cm=28.453pt)

(/usr/share/texlive/texmf-dist/tex/context/base/mkii/supp-pdf.mkii
[Loading MPS to PDF converter (version 2006.09.02).]
\scratchcounter=\count387
\scratchdimen=\dimen283
\scratchbox=\box84
\nofMPsegments=\count388
\nofMParguments=\count389
\everyMPshowfont=\toks52
\MPscratchCnt=\count390
\MPscratchDim=\dimen284
\MPnumerator=\count391
\makeMPintoPDFobject=\count392
\everyMPtoPDFconversion=\toks53
) (/usr/share/texlive/texmf-dist/tex/latex/epstopdf-pkg/epstopdf-base.sty
Package: epstopdf-base 2020-01-24 v2.11 Base part for package epstopdf
Package epstopdf-base Info: Redefining graphics rule for `.eps' on input line 4
85.

(/usr/share/texlive/texmf-dist/tex/latex/latexconfig/epstopdf-sys.cfg
File: epstopdf-sys.cfg 2010/07/13 v1.3 Configuration of (r)epstopdf for TeX Liv
e
))
Package hyperref Info: Link coloring ON on input line 8.

(/usr/share/texlive/texmf-dist/tex/latex/hyperref/nameref.sty
Package: nameref 2021-04-02 v2.47 Cross-referencing by name of section

(/usr/share/texlive/texmf-dist/tex/latex/refcount/refcount.sty
Package: refcount 2019/12/15 v3.6 Data extraction from label references (HO)
)
(/usr/share/texlive/texmf-dist/tex/generic/gettitlestring/gettitlestring.sty
Package: gettitlestring 2019/12/15 v1.6 Cleanup title references (HO)
)
\c@section@level=\count393
)
LaTeX Info: Redefining \ref on input line 8.
LaTeX Info: Redefining \pageref on input line 8.
LaTeX Info: Redefining \nameref on input line 8.

(./Main.out) (./Main.out)
\@outlinefile=\write3
\openout3 = `Main.out'.

Package csquotes Info: Making character " active on input line 8.

(/usr/share/texlive/texmf-dist/tex/latex/translations/translations-basic-dictio
nary-english.trsl
File: translations-basic-dictionary-english.trsl (english translation file `tra
nslations-basic-dictionary')
)
Package translations Info: loading dictionary `translations-basic-dictionary' f
or `english'. on input line 8.
LaTeX Info: Redefining \microtypecontext on input line 8.
Package microtype Info: Applying patch `item' on input line 8.
Package microtype Info: Applying patch `toc' on input line 8.
Package microtype Info: Applying patch `eqnum' on input line 8.


Package microtype Warning: Unable to apply patch `footnote' on input line 8.

Package microtype Info: Generating PDF output.
Package microtype Info: Character protrusion enabled (level 2).
Package microtype Info: Using default protrusion set `alltext'.
Package microtype Info: Automatic font expansion enabled (level 2),
(microtype)             stretch: 20, shrink: 20, step: 1, non-selected.
Package microtype Info: Using default expansion set `alltext-nott'.
LaTeX Info: Redefining \showhyphens on input line 8.
Package microtype Info: No adjustment of tracking.
Package microtype Info: No adjustment of interword spacing.
Package microtype Info: No adjustment of character kerning.
(/usr/share/texlive/texmf-dist/tex/latex/microtype/mt-cmr.cfg
File: mt-cmr.cfg 2013/05/19 v2.2 microtype config. file: Computer Modern Roman 
(RS)
)
\c@lstlisting=\count394
Package caption Info: Begin \AtBeginDocument code.
Package caption Info: longtable package is loaded.

(/usr/share/texlive/texmf-dist/tex/latex/caption/ltcaption.sty
Package: ltcaption 2020/05/30 v1.4b longtable captions (AR)
)
Package caption Info: supertabular package is loaded.
Package caption Info: End \AtBeginDocument code.

(./FrontMatter/Title.tex
<FrontMatter/UCT_logo.png, id=144, 1554.80875pt x 1578.89874pt>
File: FrontMatter/UCT_logo.png Graphic file (type png)
<use FrontMatter/UCT_logo.png>
Package pdftex.def Info: FrontMatter/UCT_logo.png  used on input line 14.
(pdftex.def)             Requested size: 193.47578pt x 196.47044pt.
LaTeX Font Info:    Trying to load font information for OT1+lmr on input line 2
9.
 (/usr/share/texmf/tex/latex/lm/ot1lmr.fd
File: ot1lmr.fd 2009/10/30 v1.6 Font defs for Latin Modern
)
LaTeX Font Info:    Trying to load font information for OML+lmm on input line 2
9.

(/usr/share/texmf/tex/latex/lm/omllmm.fd
File: omllmm.fd 2009/10/30 v1.6 Font defs for Latin Modern
)
LaTeX Font Info:    Trying to load font information for OMS+lmsy on input line 
29.

(/usr/share/texmf/tex/latex/lm/omslmsy.fd
File: omslmsy.fd 2009/10/30 v1.6 Font defs for Latin Modern
)
LaTeX Font Info:    Trying to load font information for OMX+lmex on input line 
29.

(/usr/share/texmf/tex/latex/lm/omxlmex.fd
File: omxlmex.fd 2009/10/30 v1.6 Font defs for Latin Modern
)
LaTeX Font Info:    External font `lmex10' loaded for size
(Font)              <12> on input line 29.
LaTeX Font Info:    External font `lmex10' loaded for size
(Font)              <8> on input line 29.
LaTeX Font Info:    External font `lmex10' loaded for size
(Font)              <6> on input line 29.
LaTeX Font Info:    Trying to load font information for U+msa on input line 29.


(/usr/share/texlive/texmf-dist/tex/latex/amsfonts/umsa.fd
File: umsa.fd 2013/01/14 v3.01 AMS symbols A
)
(/usr/share/texlive/texmf-dist/tex/latex/microtype/mt-msa.cfg
File: mt-msa.cfg 2006/02/04 v1.1 microtype config. file: AMS symbols (a) (RS)
)
LaTeX Font Info:    Trying to load font information for U+msb on input line 29.


(/usr/share/texlive/texmf-dist/tex/latex/amsfonts/umsb.fd
File: umsb.fd 2013/01/14 v3.01 AMS symbols B
)
(/usr/share/texlive/texmf-dist/tex/latex/microtype/mt-msb.cfg
File: mt-msb.cfg 2005/06/01 v1.0 microtype config. file: AMS symbols (b) (RS)
)
LaTeX Font Info:    Trying to load font information for U+rsfs on input line 29
.

(/usr/share/texlive/texmf-dist/tex/latex/jknapltx/ursfs.fd
File: ursfs.fd 1998/03/24 rsfs font definition file (jk)
)
LaTeX Font Info:    External font `lmex10' loaded for size
(Font)              <9> on input line 29.
LaTeX Font Info:    External font `lmex10' loaded for size
(Font)              <5> on input line 29.
)
(./FrontMatter/Declaration.tex [1

{/var/lib/texmf/fonts/map/pdftex/updmap/pdftex.map} <./FrontMatter/UCT_logo.png
>]
<signature.png, id=159, 232.61906pt x 144.54pt>
File: signature.png Graphic file (type png)
<use signature.png>
Package pdftex.def Info: signature.png  used on input line 21.
(pdftex.def)             Requested size: 145.11053pt x 90.16743pt.
) (./FrontMatter/Acknowledgements.tex
[2

 <./signature.png>]
LaTeX Font Info:    External font `lmex10' loaded for size
(Font)              <10> on input line 7.
LaTeX Font Info:    External font `lmex10' loaded for size
(Font)              <7> on input line 7.
) (./FrontMatter/Abstract.tex [3

]) [4

] (./Main.toc
LaTeX Font Info:    External font `lmex10' loaded for size
(Font)              <10.95> on input line 5.

[5

])
\tf@toc=\write4
\openout4 = `Main.toc'.

 [6] (./Main.lof

Package glossaries-extra Warning: Base acronym command \acrshort should not be 
used with new abbreviation definitions. Use \glsxtrshort instead on input line 
7.


Package glossaries-extra Warning: Base acronym command \acrshort should not be 
used with new abbreviation definitions. Use \glsxtrshort instead on input line 
8.

)
\tf@lof=\write5
\openout5 = `Main.lof'.


Using TeX to sort glossary entries---this may take a while
[7

] [8


] [9] (./Chapters/Introduction.tex
Chapter 1.

Package glossaries-extra Warning: Base acronym command \acrshort should not be 
used with new abbreviation definitions. Use \glsxtrshort instead on input line 
12.


Package glossaries-extra Warning: Base acronym command \acrshort should not be 
used with new abbreviation definitions. Use \glsxtrshort instead on input line 
12.


Package glossaries-extra Warning: Base acronym command \acrshort should not be 
used with new abbreviation definitions. Use \glsxtrshort instead on input line 
14.


Package glossaries-extra Warning: Base acronym command \acrshort should not be 
used with new abbreviation definitions. Use \glsxtrshort instead on input line 
14.


Package glossaries-extra Warning: Base acronym command \acrshort should not be 
used with new abbreviation definitions. Use \glsxtrshort instead on input line 
14.


Package glossaries-extra Warning: Base acronym command \acrshort should not be 
used with new abbreviation definitions. Use \glsxtrshort instead on input line 
14.


Package glossaries-extra Warning: Base acronym command \acrshort should not be 
used with new abbreviation definitions. Use \glsxtrshort instead on input line 
16.


Package glossaries-extra Warning: Base acronym command \acrshort should not be 
used with new abbreviation definitions. Use \glsxtrshort instead on input line 
16.


Package glossaries-extra Warning: Base acronym command \acrshort should not be 
used with new abbreviation definitions. Use \glsxtrshort instead on input line 
18.


Package glossaries-extra Warning: Base acronym command \acrshort should not be 
used with new abbreviation definitions. Use \glsxtrshort instead on input line 
18.


Package glossaries-extra Warning: Base acronym command \acrshort should not be 
used with new abbreviation definitions. Use \glsxtrshort instead on input line 
18.


Package glossaries-extra Warning: Base acronym command \acrshort should not be 
used with new abbreviation definitions. Use \glsxtrshort instead on input line 
18.


Package glossaries-extra Warning: Base acronym command \acrshort should not be 
used with new abbreviation definitions. Use \glsxtrshort instead on input line 
20.


Package glossaries-extra Warning: Base acronym command \acrshort should not be 
used with new abbreviation definitions. Use \glsxtrshort instead on input line 
20.

[1

]

Package glossaries-extra Warning: Base acronym command \acrshort should not be 
used with new abbreviation definitions. Use \glsxtrshort instead on input line 
22.


Package glossaries-extra Warning: Base acronym command \acrshort should not be 
used with new abbreviation definitions. Use \glsxtrshort instead on input line 
22.


Package glossaries-extra Warning: Base acronym command \acrshort should not be 
used with new abbreviation definitions. Use \glsxtrshort instead on input line 
26.


Package glossaries-extra Warning: Base acronym command \acrshort should not be 
used with new abbreviation definitions. Use \glsxtrshort instead on input line 
26.

LaTeX Font Info:    Trying to load font information for TS1+lmr on input line 3
1.
(/usr/share/texmf/tex/latex/lm/ts1lmr.fd
File: ts1lmr.fd 2009/10/30 v1.6 Font defs for Latin Modern
)

Package glossaries-extra Warning: Base acronym command \acrshort should not be 
used with new abbreviation definitions. Use \glsxtrshort instead on input line 
31.


Package glossaries-extra Warning: Base acronym command \acrshort should not be 
used with new abbreviation definitions. Use \glsxtrshort instead on input line 
31.


Package glossaries-extra Warning: Base acronym command \acrshort should not be 
used with new abbreviation definitions. Use \glsxtrshort instead on input line 
35.


Package glossaries-extra Warning: Base acronym command \acrshort should not be 
used with new abbreviation definitions. Use \glsxtrshort instead on input line 
35.


Package glossaries-extra Warning: Base acronym command \acrshort should not be 
used with new abbreviation definitions. Use \glsxtrshort instead on input line 
44.


Package glossaries-extra Warning: Base acronym command \acrshort should not be 
used with new abbreviation definitions. Use \glsxtrshort instead on input line 
54.


Package glossaries-extra Warning: Base acronym command \acrshort should not be 
used with new abbreviation definitions. Use \glsxtrshort instead on input line 
54.


Package glossaries-extra Warning: Base acronym command \acrshort should not be 
used with new abbreviation definitions. Use \glsxtrshort instead on input line 
54.


Package glossaries-extra Warning: Base acronym command \acrshort should not be 
used with new abbreviation definitions. Use \glsxtrshort instead on input line 
56.


Package glossaries-extra Warning: Base acronym command \acrshort should not be 
used with new abbreviation definitions. Use \glsxtrshort instead on input line 
59.


Package glossaries-extra Warning: Base acronym command \acrshort should not be 
used with new abbreviation definitions. Use \glsxtrshort instead on input line 
61.


Package glossaries-extra Warning: Base acronym command \acrshort should not be 
used with new abbreviation definitions. Use \glsxtrshort instead on input line 
63.


Package glossaries-extra Warning: Base acronym command \acrshort should not be 
used with new abbreviation definitions. Use \glsxtrshort instead on input line 
66.


Package glossaries-extra Warning: Base acronym command \acrshort should not be 
used with new abbreviation definitions. Use \glsxtrshort instead on input line 
70.


Package glossaries-extra Warning: Base acronym command \acrshort should not be 
used with new abbreviation definitions. Use \glsxtrshort instead on input line 
78.


Overfull \hbox (34.25298pt too wide) in paragraph at lines 50--83
 [][] 
 []

[2]
Overfull \hbox (34.25298pt too wide) in paragraph at lines 90--110
 [][] 
 []

[3]

Package glossaries-extra Warning: Base acronym command \acrshort should not be 
used with new abbreviation definitions. Use \glsxtrshort instead on input line 
119.


Package glossaries-extra Warning: Base acronym command \acrshort should not be 
used with new abbreviation definitions. Use \glsxtrshort instead on input line 
130.


Package glossaries-extra Warning: Base acronym command \acrshort should not be 
used with new abbreviation definitions. Use \glsxtrshort instead on input line 
130.

) (./Chapters/Literature.tex [4]
Chapter 2.
) (./Chapters/Methodology.tex [5

] [6]
Chapter 3.

Package glossaries-extra Warning: Base acronym command \acrshort should not be 
used with new abbreviation definitions. Use \glsxtrshort instead on input line 
18.


Package glossaries-extra Warning: Base acronym command \acrshort should not be 
used with new abbreviation definitions. Use \glsxtrshort instead on input line 
18.


Package glossaries-extra Warning: Base acronym command \acrshort should not be 
used with new abbreviation definitions. Use \glsxtrshort instead on input line 
18.


Package glossaries-extra Warning: Base acronym command \acrshort should not be 
used with new abbreviation definitions. Use \glsxtrshort instead on input line 
18.


Package glossaries-extra Warning: Base acronym command \acrshort should not be 
used with new abbreviation definitions. Use \glsxtrshort instead on input line 
20.


Package glossaries-extra Warning: Base acronym command \acrshort should not be 
used with new abbreviation definitions. Use \glsxtrshort instead on input line 
20.


Package glossaries-extra Warning: Base acronym command \acrshort should not be 
used with new abbreviation definitions. Use \glsxtrshort instead on input line 
20.


Package glossaries-extra Warning: Base acronym command \acrshort should not be 
used with new abbreviation definitions. Use \glsxtrshort instead on input line 
20.


Package glossaries-extra Warning: Base acronym command \acrshort should not be 
used with new abbreviation definitions. Use \glsxtrshort instead on input line 
20.


Package glossaries-extra Warning: Base acronym command \acrshort should not be 
used with new abbreviation definitions. Use \glsxtrshort instead on input line 
20.


Package glossaries-extra Warning: Base acronym command \acrshort should not be 
used with new abbreviation definitions. Use \glsxtrshort instead on input line 
20.


Package caption Warning: \label without proper reference on input line 30.
See the caption package documentation for explanation.


LaTeX Warning: Reference `fig:design-stages-diagram' on page 7 undefined on inp
ut line 26.


Package glossaries-extra Warning: Base acronym command \acrshort should not be 
used with new abbreviation definitions. Use \glsxtrshort instead on input line 
26.


Package glossaries-extra Warning: Base acronym command \acrshort should not be 
used with new abbreviation definitions. Use \glsxtrshort instead on input line 
26.

[7

]
<Figures/Methodology/design-stages-diagram.png, id=391, 1739.49875pt x 744.7825
pt>
File: Figures/Methodology/design-stages-diagram.png Graphic file (type png)
<use Figures/Methodology/design-stages-diagram.png>
Package pdftex.def Info: Figures/Methodology/design-stages-diagram.png  used on
 input line 31.
(pdftex.def)             Requested size: 483.69687pt x 207.09439pt.
 [8 <./Figures/Methodology/design-stages-diagram.png>]

Package glossaries-extra Warning: Base acronym command \acrshort should not be 
used with new abbreviation definitions. Use \glsxtrshort instead on input line 
60.


Package glossaries-extra Warning: Base acronym command \acrshort should not be 
used with new abbreviation definitions. Use \glsxtrshort instead on input line 
60.


Package glossaries-extra Warning: Base acronym command \acrshort should not be 
used with new abbreviation definitions. Use \glsxtrshort instead on input line 
79.


Package glossaries-extra Warning: Base acronym command \acrshort should not be 
used with new abbreviation definitions. Use \glsxtrshort instead on input line 
83.


Package glossaries-extra Warning: Base acronym command \acrshort should not be 
used with new abbreviation definitions. Use \glsxtrshort instead on input line 
83.


Package glossaries-extra Warning: Base acronym command \acrshort should not be 
used with new abbreviation definitions. Use \glsxtrshort instead on input line 
85.


Package glossaries-extra Warning: Base acronym command \acrshort should not be 
used with new abbreviation definitions. Use \glsxtrshort instead on input line 
85.


Package glossaries-extra Warning: Base acronym command \acrshort should not be 
used with new abbreviation definitions. Use \glsxtrshort instead on input line 
85.


Package glossaries-extra Warning: Base acronym command \acrshort should not be 
used with new abbreviation definitions. Use \glsxtrshort instead on input line 
85.

[9]

Package glossaries-extra Warning: Base acronym command \acrshort should not be 
used with new abbreviation definitions. Use \glsxtrshort instead on input line 
87.


Package glossaries-extra Warning: Base acronym command \acrshort should not be 
used with new abbreviation definitions. Use \glsxtrshort instead on input line 
87.


Package glossaries-extra Warning: Base acronym command \acrshort should not be 
used with new abbreviation definitions. Use \glsxtrshort instead on input line 
87.


Package caption Warning: \label without proper reference on input line 91.
See the caption package documentation for explanation.


LaTeX Warning: Reference `fig:heterodyne-rauscher' on page 10 undefined on inpu
t line 87.

<Figures/Methodology/heterodyne-rauscher.png, id=427, 1223.57124pt x 366.36874p
t>
File: Figures/Methodology/heterodyne-rauscher.png Graphic file (type png)
<use Figures/Methodology/heterodyne-rauscher.png>
Package pdftex.def Info: Figures/Methodology/heterodyne-rauscher.png  used on i
nput line 92.
(pdftex.def)             Requested size: 483.69687pt x 144.82866pt.

Package glossaries-extra Warning: Base acronym command \acrshort should not be 
used with new abbreviation definitions. Use \glsxtrshort instead on input line 
96.


Package glossaries-extra Warning: Base acronym command \acrshort should not be 
used with new abbreviation definitions. Use \glsxtrshort instead on input line 
96.


Package glossaries-extra Warning: Base acronym command \acrshort should not be 
used with new abbreviation definitions. Use \glsxtrshort instead on input line 
96.


Package caption Warning: \label without proper reference on input line 100.
See the caption package documentation for explanation.


LaTeX Warning: Reference `fig:vector-analyzer-rover' on page 10 undefined on in
put line 96.


Package glossaries-extra Warning: Base acronym command \acrshort should not be 
used with new abbreviation definitions. Use \glsxtrshort instead on input line 
96.


Package glossaries-extra Warning: Base acronym command \acrshort should not be 
used with new abbreviation definitions. Use \glsxtrshort instead on input line 
96.


Package glossaries-extra Warning: Base acronym command \acrshort should not be 
used with new abbreviation definitions. Use \glsxtrshort instead on input line 
96.

<Figures/Methodology/real-time-analyzer-rover.png, id=437, 1444.39626pt x 361.3
5pt>
File: Figures/Methodology/real-time-analyzer-rover.png Graphic file (type png)
<use Figures/Methodology/real-time-analyzer-rover.png>
Package pdftex.def Info: Figures/Methodology/real-time-analyzer-rover.png  used
 on input line 101.
(pdftex.def)             Requested size: 483.69687pt x 121.00475pt.

Package glossaries-extra Warning: Base acronym command \acrshort should not be 
used with new abbreviation definitions. Use \glsxtrshort instead on input line 
102.


Package glossaries-extra Warning: Base acronym command \acrshort should not be 
used with new abbreviation definitions. Use \glsxtrshort instead on input line 
102.


Package glossaries-extra Warning: Base acronym command \acrshort should not be 
used with new abbreviation definitions. Use \glsxtrshort instead on input line 
111.

[10 <./Figures/Methodology/heterodyne-rauscher.png>]

Package glossaries-extra Warning: Base acronym command \acrshort should not be 
used with new abbreviation definitions. Use \glsxtrshort instead on input line 
118.


Package glossaries-extra Warning: Base acronym command \acrshort should not be 
used with new abbreviation definitions. Use \glsxtrshort instead on input line 
118.


Package glossaries-extra Warning: Base acronym command \acrshort should not be 
used with new abbreviation definitions. Use \glsxtrshort instead on input line 
118.


Package glossaries-extra Warning: Base acronym command \acrshort should not be 
used with new abbreviation definitions. Use \glsxtrshort instead on input line 
118.


Package glossaries-extra Warning: Base acronym command \acrshort should not be 
used with new abbreviation definitions. Use \glsxtrshort instead on input line 
118.


Package glossaries-extra Warning: Base acronym command \acrshort should not be 
used with new abbreviation definitions. Use \glsxtrshort instead on input line 
118.


Package glossaries-extra Warning: Base acronym command \acrshort should not be 
used with new abbreviation definitions. Use \glsxtrshort instead on input line 
120.


Package glossaries-extra Warning: Base acronym command \acrshort should not be 
used with new abbreviation definitions. Use \glsxtrshort instead on input line 
120.


Package glossaries-extra Warning: Base acronym command \acrshort should not be 
used with new abbreviation definitions. Use \glsxtrshort instead on input line 
120.


Package glossaries-extra Warning: Base acronym command \acrshort should not be 
used with new abbreviation definitions. Use \glsxtrshort instead on input line 
120.


Package glossaries-extra Warning: Base acronym command \acrshort should not be 
used with new abbreviation definitions. Use \glsxtrshort instead on input line 
124.


Package glossaries-extra Warning: Base acronym command \acrshort should not be 
used with new abbreviation definitions. Use \glsxtrshort instead on input line 
126.


Package glossaries-extra Warning: Base acronym command \acrshort should not be 
used with new abbreviation definitions. Use \glsxtrshort instead on input line 
126.


Package glossaries-extra Warning: Base acronym command \acrshort should not be 
used with new abbreviation definitions. Use \glsxtrshort instead on input line 
128.


Package glossaries-extra Warning: Base acronym command \acrshort should not be 
used with new abbreviation definitions. Use \glsxtrshort instead on input line 
131.


Package glossaries-extra Warning: Base acronym command \acrshort should not be 
used with new abbreviation definitions. Use \glsxtrshort instead on input line 
131.


Package glossaries-extra Warning: Base acronym command \acrshort should not be 
used with new abbreviation definitions. Use \glsxtrshort instead on input line 
131.


Package glossaries-extra Warning: Base acronym command \acrshort should not be 
used with new abbreviation definitions. Use \glsxtrshort instead on input line 
131.


Package glossaries-extra Warning: Base acronym command \acrshort should not be 
used with new abbreviation definitions. Use \glsxtrshort instead on input line 
133.


Package glossaries-extra Warning: Base acronym command \acrshort should not be 
used with new abbreviation definitions. Use \glsxtrshort instead on input line 
141.


Underfull \hbox (badness 1430) in paragraph at lines 149--149
[]|\T1/lmr/m/n/10.95 (+20) Resolution Band-
 []


Package glossaries-extra Warning: Base acronym command \acrshort should not be 
used with new abbreviation definitions. Use \glsxtrshort instead on input line 
153.


Underfull \hbox (badness 4291) in paragraph at lines 153--154
[]|\T1/lmr/m/n/10.95 (+20) Digital sig-nal pro-cess-ing from
 []


Package glossaries-extra Warning: Base acronym command \acrshort should not be 
used with new abbreviation definitions. Use \glsxtrshort instead on input line 
157.


Package glossaries-extra Warning: Base acronym command \acrshort should not be 
used with new abbreviation definitions. Use \glsxtrshort instead on input line 
157.


Package glossaries-extra Warning: Base acronym command \acrshort should not be 
used with new abbreviation definitions. Use \glsxtrshort instead on input line 
157.


Package glossaries-extra Warning: Base acronym command \acrshort should not be 
used with new abbreviation definitions. Use \glsxtrshort instead on input line 
157.


Package glossaries-extra Warning: Base acronym command \acrshort should not be 
used with new abbreviation definitions. Use \glsxtrshort instead on input line 
161.


Package glossaries-extra Warning: Base acronym command \acrshort should not be 
used with new abbreviation definitions. Use \glsxtrshort instead on input line 
161.


Package glossaries-extra Warning: Base acronym command \acrshort should not be 
used with new abbreviation definitions. Use \glsxtrshort instead on input line 
168.


Package glossaries-extra Warning: Base acronym command \acrshort should not be 
used with new abbreviation definitions. Use \glsxtrshort instead on input line 
168.


Package glossaries-extra Warning: Base acronym command \acrshort should not be 
used with new abbreviation definitions. Use \glsxtrshort instead on input line 
172.


Package glossaries-extra Warning: Base acronym command \acrshort should not be 
used with new abbreviation definitions. Use \glsxtrshort instead on input line 
172.


Package glossaries-extra Warning: Base acronym command \acrshort should not be 
used with new abbreviation definitions. Use \glsxtrshort instead on input line 
172.

[11 <./Figures/Methodology/real-time-analyzer-rover.png>]

Package glossaries-extra Warning: Base acronym command \acrshort should not be 
used with new abbreviation definitions. Use \glsxtrshort instead on input line 
178.


Package glossaries-extra Warning: Base acronym command \acrshort should not be 
used with new abbreviation definitions. Use \glsxtrshort instead on input line 
178.


Package glossaries-extra Warning: Base acronym command \acrshort should not be 
used with new abbreviation definitions. Use \glsxtrshort instead on input line 
180.


Package glossaries-extra Warning: Base acronym command \acrshort should not be 
used with new abbreviation definitions. Use \glsxtrshort instead on input line 
182.


Package caption Warning: \label without proper reference on input line 205.
See the caption package documentation for explanation.


LaTeX Warning: Reference `tab:adc-constraints' on page 12 undefined on input li
ne 184.


Package glossaries-extra Warning: Base acronym command \acrshort should not be 
used with new abbreviation definitions. Use \glsxtrshort instead on input line 
184.


Package glossaries-extra Warning: Base acronym command \acrshort should not be 
used with new abbreviation definitions. Use \glsxtrshort instead on input line 
184.

[12]

Package glossaries-extra Warning: Base acronym command \acrshort should not be 
used with new abbreviation definitions. Use \glsxtrshort instead on input line 
192.


Package glossaries-extra Warning: Base acronym command \acrshort should not be 
used with new abbreviation definitions. Use \glsxtrshort instead on input line 
194.


Package glossaries-extra Warning: Base acronym command \acrshort should not be 
used with new abbreviation definitions. Use \glsxtrshort instead on input line 
194.


Package glossaries-extra Warning: Base acronym command \acrshort should not be 
used with new abbreviation definitions. Use \glsxtrshort instead on input line 
196.


Package glossaries-extra Warning: Base acronym command \acrshort should not be 
used with new abbreviation definitions. Use \glsxtrshort instead on input line 
198.


Package glossaries-extra Warning: Base acronym command \acrshort should not be 
used with new abbreviation definitions. Use \glsxtrshort instead on input line 
200.


Package glossaries-extra Warning: Base acronym command \acrshort should not be 
used with new abbreviation definitions. Use \glsxtrshort instead on input line 
200.


Package glossaries-extra Warning: Base acronym command \acrshort should not be 
used with new abbreviation definitions. Use \glsxtrshort instead on input line 
202.


Package glossaries-extra Warning: Base acronym command \acrshort should not be 
used with new abbreviation definitions. Use \glsxtrshort instead on input line 
202.


Package glossaries-extra Warning: Base acronym command \acrshort should not be 
used with new abbreviation definitions. Use \glsxtrshort instead on input line 
202.


Package glossaries-extra Warning: Base acronym command \acrshort should not be 
used with new abbreviation definitions. Use \glsxtrshort instead on input line 
202.


Package glossaries-extra Warning: Base acronym command \acrshort should not be 
used with new abbreviation definitions. Use \glsxtrshort instead on input line 
202.


Package glossaries-extra Warning: Base acronym command \acrshort should not be 
used with new abbreviation definitions. Use \glsxtrshort instead on input line 
206.


Package glossaries-extra Warning: Base acronym command \acrshort should not be 
used with new abbreviation definitions. Use \glsxtrshort instead on input line 
206.


Package glossaries-extra Warning: Base acronym command \acrshort should not be 
used with new abbreviation definitions. Use \glsxtrshort instead on input line 
209.


Package glossaries-extra Warning: Base acronym command \acrshort should not be 
used with new abbreviation definitions. Use \glsxtrshort instead on input line 
211.


Package caption Warning: \label without proper reference on input line 226.
See the caption package documentation for explanation.


LaTeX Warning: Reference `tab:hp141t-output-voltages' on page 13 undefined on i
nput line 211.


Package glossaries-extra Warning: Base acronym command \acrshort should not be 
used with new abbreviation definitions. Use \glsxtrshort instead on input line 
219.


Underfull \hbox (badness 10000) in paragraph at lines 221--221
[]|\T1/lmr/m/n/10.95 (+20) Vertical
 []


Package glossaries-extra Warning: Base acronym command \acrshort should not be 
used with new abbreviation definitions. Use \glsxtrshort instead on input line 
221.


Package glossaries-extra Warning: Base acronym command \acrshort should not be 
used with new abbreviation definitions. Use \glsxtrshort instead on input line 
221.


Underfull \hbox (badness 10000) in paragraph at lines 223--223
[]|\T1/lmr/m/n/10.95 (+20) Horizontal
 []


Package glossaries-extra Warning: Base acronym command \acrshort should not be 
used with new abbreviation definitions. Use \glsxtrshort instead on input line 
223.


Overfull \hbox (15.25298pt too wide) in paragraph at lines 215--227
 [][] 
 []


Package glossaries-extra Warning: Base acronym command \acrshort should not be 
used with new abbreviation definitions. Use \glsxtrshort instead on input line 
230.


Package caption Warning: \label without proper reference on input line 226.
See the caption package documentation for explanation.


LaTeX Warning: Reference `tab:hp141t-output-voltages' on page 13 undefined on i
nput line 230.


Package glossaries-extra Warning: Base acronym command \acrshort should not be 
used with new abbreviation definitions. Use \glsxtrshort instead on input line 
230.

[13]

Package glossaries-extra Warning: Base acronym command \acrshort should not be 
used with new abbreviation definitions. Use \glsxtrshort instead on input line 
234.


Package glossaries-extra Warning: Base acronym command \acrshort should not be 
used with new abbreviation definitions. Use \glsxtrshort instead on input line 
234.


Package glossaries-extra Warning: Base acronym command \acrshort should not be 
used with new abbreviation definitions. Use \glsxtrshort instead on input line 
237.


Package glossaries-extra Warning: Base acronym command \acrshort should not be 
used with new abbreviation definitions. Use \glsxtrshort instead on input line 
237.


Package glossaries-extra Warning: Base acronym command \acrshort should not be 
used with new abbreviation definitions. Use \glsxtrshort instead on input line 
238.


Package glossaries-extra Warning: Base acronym command \acrshort should not be 
used with new abbreviation definitions. Use \glsxtrshort instead on input line 
238.


Package glossaries-extra Warning: Base acronym command \acrshort should not be 
used with new abbreviation definitions. Use \glsxtrshort instead on input line 
240.


Package glossaries-extra Warning: Base acronym command \acrshort should not be 
used with new abbreviation definitions. Use \glsxtrshort instead on input line 
240.


Package glossaries-extra Warning: Base acronym command \acrshort should not be 
used with new abbreviation definitions. Use \glsxtrshort instead on input line 
240.


Package glossaries-extra Warning: Base acronym command \acrshort should not be 
used with new abbreviation definitions. Use \glsxtrshort instead on input line 
240.


Package glossaries-extra Warning: Base acronym command \acrshort should not be 
used with new abbreviation definitions. Use \glsxtrshort instead on input line 
240.


Package glossaries-extra Warning: Base acronym command \acrshort should not be 
used with new abbreviation definitions. Use \glsxtrshort instead on input line 
240.


Underfull \hbox (badness 10000) in paragraph at lines 246--246
[]|\T1/lmr/bx/n/10.95 (+20) Digital
 []


Underfull \hbox (badness 10000) in paragraph at lines 246--246
\T1/lmr/bx/n/10.95 (+20) Pro-ces-sor
 []


Package glossaries-extra Warning: Base acronym command \acrshort should not be 
used with new abbreviation definitions. Use \glsxtrshort instead on input line 
248.


Package glossaries-extra Warning: Base acronym command \acrshort should not be 
used with new abbreviation definitions. Use \glsxtrshort instead on input line 
248.


Package glossaries-extra Warning: Base acronym command \acrshort should not be 
used with new abbreviation definitions. Use \glsxtrshort instead on input line 
252.


Package glossaries-extra Warning: Base acronym command \acrshort should not be 
used with new abbreviation definitions. Use \glsxtrshort instead on input line 
254.


Package glossaries-extra Warning: Base acronym command \acrshort should not be 
used with new abbreviation definitions. Use \glsxtrshort instead on input line 
254.


Package glossaries-extra Warning: Base acronym command \acrshort should not be 
used with new abbreviation definitions. Use \glsxtrshort instead on input line 
260.


Package glossaries-extra Warning: Base acronym command \acrshort should not be 
used with new abbreviation definitions. Use \glsxtrshort instead on input line 
260.


Package glossaries-extra Warning: Base acronym command \acrshort should not be 
used with new abbreviation definitions. Use \glsxtrshort instead on input line 
267.


Package glossaries-extra Warning: Base acronym command \acrshort should not be 
used with new abbreviation definitions. Use \glsxtrshort instead on input line 
267.


Package glossaries-extra Warning: Base acronym command \acrshort should not be 
used with new abbreviation definitions. Use \glsxtrshort instead on input line 
271.


Package glossaries-extra Warning: Base acronym command \acrshort should not be 
used with new abbreviation definitions. Use \glsxtrshort instead on input line 
271.


Package glossaries-extra Warning: Base acronym command \acrshort should not be 
used with new abbreviation definitions. Use \glsxtrshort instead on input line 
271.


Package glossaries-extra Warning: Base acronym command \acrshort should not be 
used with new abbreviation definitions. Use \glsxtrshort instead on input line 
271.


Package glossaries-extra Warning: Base acronym command \acrshort should not be 
used with new abbreviation definitions. Use \glsxtrshort instead on input line 
271.


Package glossaries-extra Warning: Base acronym command \acrshort should not be 
used with new abbreviation definitions. Use \glsxtrshort instead on input line 
271.


Package glossaries-extra Warning: Base acronym command \acrshort should not be 
used with new abbreviation definitions. Use \glsxtrshort instead on input line 
275.


Package glossaries-extra Warning: Base acronym command \acrshort should not be 
used with new abbreviation definitions. Use \glsxtrshort instead on input line 
275.


Package glossaries-extra Warning: Base acronym command \acrshort should not be 
used with new abbreviation definitions. Use \glsxtrshort instead on input line 
275.


Package glossaries-extra Warning: Base acronym command \acrshort should not be 
used with new abbreviation definitions. Use \glsxtrshort instead on input line 
275.


Package glossaries-extra Warning: Base acronym command \acrshort should not be 
used with new abbreviation definitions. Use \glsxtrshort instead on input line 
275.


Package glossaries-extra Warning: Base acronym command \acrshort should not be 
used with new abbreviation definitions. Use \glsxtrshort instead on input line 
275.


Package glossaries-extra Warning: Base acronym command \acrshort should not be 
used with new abbreviation definitions. Use \glsxtrshort instead on input line 
275.

[14]

Package caption Warning: \label without proper reference on input line 281.
See the caption package documentation for explanation.


LaTeX Warning: Reference `tab:digital-processor-comparison' on page 15 undefine
d on input line 277.


Package glossaries-extra Warning: Base acronym command \acrshort should not be 
used with new abbreviation definitions. Use \glsxtrshort instead on input line 
284.


Package glossaries-extra Warning: Base acronym command \acrshort should not be 
used with new abbreviation definitions. Use \glsxtrshort instead on input line 
284.


Package glossaries-extra Warning: Base acronym command \acrshort should not be 
used with new abbreviation definitions. Use \glsxtrshort instead on input line 
284.


Underfull \hbox (badness 10000) in paragraph at lines 286--286
[]|\T1/lmr/m/n/10.95 (+20) Development
 []


Package glossaries-extra Warning: Base acronym command \acrshort should not be 
used with new abbreviation definitions. Use \glsxtrshort instead on input line 
292.


Underfull \hbox (badness 10000) in paragraph at lines 294--294
[]|\T1/lmr/m/n/10.95 (+20) Power con-sump-
 []


Package caption Warning: \label without proper reference on input line 281.
See the caption package documentation for explanation.


LaTeX Warning: Reference `tab:digital-processor-comparison' on page 15 undefine
d on input line 304.


Package glossaries-extra Warning: Base acronym command \acrshort should not be 
used with new abbreviation definitions. Use \glsxtrshort instead on input line 
304.


Package glossaries-extra Warning: Base acronym command \acrshort should not be 
used with new abbreviation definitions. Use \glsxtrshort instead on input line 
304.


Package glossaries-extra Warning: Base acronym command \acrshort should not be 
used with new abbreviation definitions. Use \glsxtrshort instead on input line 
308.


Package glossaries-extra Warning: Base acronym command \acrshort should not be 
used with new abbreviation definitions. Use \glsxtrshort instead on input line 
308.


Package glossaries-extra Warning: Base acronym command \acrshort should not be 
used with new abbreviation definitions. Use \glsxtrshort instead on input line 
308.


Package glossaries-extra Warning: Base acronym command \acrshort should not be 
used with new abbreviation definitions. Use \glsxtrshort instead on input line 
308.


Package glossaries-extra Warning: Base acronym command \acrshort should not be 
used with new abbreviation definitions. Use \glsxtrshort instead on input line 
308.


Package glossaries-extra Warning: Base acronym command \acrshort should not be 
used with new abbreviation definitions. Use \glsxtrshort instead on input line 
310.


Package glossaries-extra Warning: Base acronym command \acrshort should not be 
used with new abbreviation definitions. Use \glsxtrshort instead on input line 
310.


Package glossaries-extra Warning: Base acronym command \acrshort should not be 
used with new abbreviation definitions. Use \glsxtrshort instead on input line 
310.


Package glossaries-extra Warning: Base acronym command \acrshort should not be 
used with new abbreviation definitions. Use \glsxtrshort instead on input line 
310.


Package glossaries-extra Warning: Base acronym command \acrshort should not be 
used with new abbreviation definitions. Use \glsxtrshort instead on input line 
310.


Package glossaries-extra Warning: Base acronym command \acrshort should not be 
used with new abbreviation definitions. Use \glsxtrshort instead on input line 
310.


Package glossaries-extra Warning: Base acronym command \acrshort should not be 
used with new abbreviation definitions. Use \glsxtrshort instead on input line 
310.


Package glossaries-extra Warning: Base acronym command \acrshort should not be 
used with new abbreviation definitions. Use \glsxtrshort instead on input line 
310.

[15]

Package glossaries-extra Warning: Base acronym command \acrshort should not be 
used with new abbreviation definitions. Use \glsxtrshort instead on input line 
314.


Package glossaries-extra Warning: Base acronym command \acrshort should not be 
used with new abbreviation definitions. Use \glsxtrshort instead on input line 
316.


Package glossaries-extra Warning: Base acronym command \acrshort should not be 
used with new abbreviation definitions. Use \glsxtrshort instead on input line 
318.


Package glossaries-extra Warning: Base acronym command \acrshort should not be 
used with new abbreviation definitions. Use \glsxtrshort instead on input line 
328.


Package glossaries-extra Warning: Base acronym command \acrshort should not be 
used with new abbreviation definitions. Use \glsxtrshort instead on input line 
330.


Package glossaries-extra Warning: Base acronym command \acrshort should not be 
used with new abbreviation definitions. Use \glsxtrshort instead on input line 
330.


Package glossaries-extra Warning: Base acronym command \acrshort should not be 
used with new abbreviation definitions. Use \glsxtrshort instead on input line 
332.


Package glossaries-extra Warning: Base acronym command \acrshort should not be 
used with new abbreviation definitions. Use \glsxtrshort instead on input line 
332.


Package glossaries-extra Warning: Base acronym command \acrshort should not be 
used with new abbreviation definitions. Use \glsxtrshort instead on input line 
345.


Package glossaries-extra Warning: Base acronym command \acrshort should not be 
used with new abbreviation definitions. Use \glsxtrshort instead on input line 
345.


Package glossaries-extra Warning: Base acronym command \acrshort should not be 
used with new abbreviation definitions. Use \glsxtrshort instead on input line 
349.


Package glossaries-extra Warning: Base acronym command \acrshort should not be 
used with new abbreviation definitions. Use \glsxtrshort instead on input line 
351.


Package glossaries-extra Warning: Base acronym command \acrshort should not be 
used with new abbreviation definitions. Use \glsxtrshort instead on input line 
351.


Package glossaries-extra Warning: Base acronym command \acrshort should not be 
used with new abbreviation definitions. Use \glsxtrshort instead on input line 
362.


Package glossaries-extra Warning: Base acronym command \acrshort should not be 
used with new abbreviation definitions. Use \glsxtrshort instead on input line 
365.


Package glossaries-extra Warning: Base acronym command \acrshort should not be 
used with new abbreviation definitions. Use \glsxtrshort instead on input line 
366.


Package glossaries-extra Warning: Base acronym command \acrshort should not be 
used with new abbreviation definitions. Use \glsxtrshort instead on input line 
370.


Package glossaries-extra Warning: Base acronym command \acrshort should not be 
used with new abbreviation definitions. Use \glsxtrshort instead on input line 
370.


Package glossaries-extra Warning: Base acronym command \acrshort should not be 
used with new abbreviation definitions. Use \glsxtrshort instead on input line 
374.


Package glossaries-extra Warning: Base acronym command \acrshort should not be 
used with new abbreviation definitions. Use \glsxtrshort instead on input line 
376.


Package glossaries-extra Warning: Base acronym command \acrshort should not be 
used with new abbreviation definitions. Use \glsxtrshort instead on input line 
376.


Package glossaries-extra Warning: Base acronym command \acrshort should not be 
used with new abbreviation definitions. Use \glsxtrshort instead on input line 
376.


Package glossaries-extra Warning: Base acronym command \acrshort should not be 
used with new abbreviation definitions. Use \glsxtrshort instead on input line 
378.


Package glossaries-extra Warning: Base acronym command \acrshort should not be 
used with new abbreviation definitions. Use \glsxtrshort instead on input line 
388.


Package glossaries-extra Warning: Base acronym command \acrshort should not be 
used with new abbreviation definitions. Use \glsxtrshort instead on input line 
393.


Package glossaries-extra Warning: Base acronym command \acrshort should not be 
used with new abbreviation definitions. Use \glsxtrshort instead on input line 
393.


Package glossaries-extra Warning: Base acronym command \acrshort should not be 
used with new abbreviation definitions. Use \glsxtrshort instead on input line 
397.


Package glossaries-extra Warning: Base acronym command \acrshort should not be 
used with new abbreviation definitions. Use \glsxtrshort instead on input line 
399.


Package glossaries-extra Warning: Base acronym command \acrshort should not be 
used with new abbreviation definitions. Use \glsxtrshort instead on input line 
399.


Package glossaries-extra Warning: Base acronym command \acrshort should not be 
used with new abbreviation definitions. Use \glsxtrshort instead on input line 
399.


Package glossaries-extra Warning: Base acronym command \acrshort should not be 
used with new abbreviation definitions. Use \glsxtrshort instead on input line 
399.

[16]

Package glossaries-extra Warning: Base acronym command \acrshort should not be 
used with new abbreviation definitions. Use \glsxtrshort instead on input line 
408.


Package glossaries-extra Warning: Base acronym command \acrshort should not be 
used with new abbreviation definitions. Use \glsxtrshort instead on input line 
408.


Package glossaries-extra Warning: Base acronym command \acrshort should not be 
used with new abbreviation definitions. Use \glsxtrshort instead on input line 
408.


Package glossaries-extra Warning: Base acronym command \acrshort should not be 
used with new abbreviation definitions. Use \glsxtrshort instead on input line 
410.


Package glossaries-extra Warning: Base acronym command \acrshort should not be 
used with new abbreviation definitions. Use \glsxtrshort instead on input line 
416.


Package glossaries-extra Warning: Base acronym command \acrshort should not be 
used with new abbreviation definitions. Use \glsxtrshort instead on input line 
422.


Package glossaries-extra Warning: Base acronym command \acrshort should not be 
used with new abbreviation definitions. Use \glsxtrshort instead on input line 
424.


Package glossaries-extra Warning: Base acronym command \acrshort should not be 
used with new abbreviation definitions. Use \glsxtrshort instead on input line 
426.


Package glossaries-extra Warning: Base acronym command \acrshort should not be 
used with new abbreviation definitions. Use \glsxtrshort instead on input line 
430.


Package glossaries-extra Warning: Base acronym command \acrshort should not be 
used with new abbreviation definitions. Use \glsxtrshort instead on input line 
438.


Package glossaries-extra Warning: Base acronym command \acrshort should not be 
used with new abbreviation definitions. Use \glsxtrshort instead on input line 
442.


Package glossaries-extra Warning: Base acronym command \acrshort should not be 
used with new abbreviation definitions. Use \glsxtrshort instead on input line 
453.


Package glossaries-extra Warning: Base acronym command \acrshort should not be 
used with new abbreviation definitions. Use \glsxtrshort instead on input line 
453.


Package glossaries-extra Warning: Base acronym command \acrshort should not be 
used with new abbreviation definitions. Use \glsxtrshort instead on input line 
453.


Package glossaries-extra Warning: Base acronym command \acrshort should not be 
used with new abbreviation definitions. Use \glsxtrshort instead on input line 
453.


Package glossaries-extra Warning: Base acronym command \acrshort should not be 
used with new abbreviation definitions. Use \glsxtrshort instead on input line 
455.

<Figures/Methodology/HP-Display-Section.jpg, id=682, 610.28pt x 457.71pt>
File: Figures/Methodology/HP-Display-Section.jpg Graphic file (type jpg)
<use Figures/Methodology/HP-Display-Section.jpg>
Package pdftex.def Info: Figures/Methodology/HP-Display-Section.jpg  used on in
put line 459.
(pdftex.def)             Requested size: 420.8139pt x 315.6247pt.

Package glossaries-extra Warning: Base acronym command \acrshort should not be 
used with new abbreviation definitions. Use \glsxtrshort instead on input line 
460.


Package glossaries-extra Warning: Base acronym command \acrshort should not be 
used with new abbreviation definitions. Use \glsxtrshort instead on input line 
460.

[17]

Package glossaries-extra Warning: Base acronym command \acrshort should not be 
used with new abbreviation definitions. Use \glsxtrshort instead on input line 
464.


Package glossaries-extra Warning: Base acronym command \acrshort should not be 
used with new abbreviation definitions. Use \glsxtrshort instead on input line 
466.


Package glossaries-extra Warning: Base acronym command \acrshort should not be 
used with new abbreviation definitions. Use \glsxtrshort instead on input line 
466.


Package glossaries-extra Warning: Base acronym command \acrshort should not be 
used with new abbreviation definitions. Use \glsxtrshort instead on input line 
466.


Package glossaries-extra Warning: Base acronym command \acrshort should not be 
used with new abbreviation definitions. Use \glsxtrshort instead on input line 
466.


Package glossaries-extra Warning: Base acronym command \acrshort should not be 
used with new abbreviation definitions. Use \glsxtrshort instead on input line 
466.

[18]

Package glossaries-extra Warning: Base acronym command \acrshort should not be 
used with new abbreviation definitions. Use \glsxtrshort instead on input line 
473.


Package glossaries-extra Warning: Base acronym command \acrshort should not be 
used with new abbreviation definitions. Use \glsxtrshort instead on input line 
477.


Package glossaries-extra Warning: Base acronym command \acrshort should not be 
used with new abbreviation definitions. Use \glsxtrshort instead on input line 
481.


Package glossaries-extra Warning: Base acronym command \acrshort should not be 
used with new abbreviation definitions. Use \glsxtrshort instead on input line 
485.

[19 <./Figures/Methodology/HP-Display-Section.jpg>]

Package caption Warning: \label without proper reference on input line 226.
See the caption package documentation for explanation.


LaTeX Warning: Reference `tab:hp141t-output-voltages' on page 20 undefined on i
nput line 494.


Package glossaries-extra Warning: Base acronym command \acrshort should not be 
used with new abbreviation definitions. Use \glsxtrshort instead on input line 
498.


Package glossaries-extra Warning: Base acronym command \acrshort should not be 
used with new abbreviation definitions. Use \glsxtrshort instead on input line 
502.


Package glossaries-extra Warning: Base acronym command \acrshort should not be 
used with new abbreviation definitions. Use \glsxtrshort instead on input line 
506.


Package glossaries-extra Warning: Base acronym command \acrshort should not be 
used with new abbreviation definitions. Use \glsxtrshort instead on input line 
506.


Package glossaries-extra Warning: Base acronym command \acrshort should not be 
used with new abbreviation definitions. Use \glsxtrshort instead on input line 
506.


Package glossaries-extra Warning: Base acronym command \acrshort should not be 
used with new abbreviation definitions. Use \glsxtrshort instead on input line 
506.

[20]

Package glossaries-extra Warning: Base acronym command \acrshort should not be 
used with new abbreviation definitions. Use \glsxtrshort instead on input line 
516.


Package glossaries-extra Warning: Base acronym command \acrshort should not be 
used with new abbreviation definitions. Use \glsxtrshort instead on input line 
516.

<Figures/Methodology/system-block-diagram.png, id=736, 1701.35625pt x 520.94624
pt>
File: Figures/Methodology/system-block-diagram.png Graphic file (type png)
<use Figures/Methodology/system-block-diagram.png>
Package pdftex.def Info: Figures/Methodology/system-block-diagram.png  used on 
input line 520.
(pdftex.def)             Requested size: 483.69687pt x 148.10556pt.
) (./Chapters/Results.tex [21 <./Figures/Methodology/system-block-diagram.png>]
Chapter 4.
) (./Chapters/Discussion.tex [22

]
Chapter 5.
) (./Chapters/Conclusions.tex [23

]
Chapter 6.
) (./Chapters/Recommendations.tex [24

]
Chapter 7.
) [25

] (./Main.bbl
Underfull \hbox (badness 10000) in paragraph at lines 26--29
\T1/lmr/m/n/10.95 (+20) attachment / 255249 / HP141T . pdf# : ~ : text = The % 
20141T % 20based % 20spectrum % 20analyzer %
 []


Underfull \hbox (badness 10000) in paragraph at lines 26--29
\T1/lmr/m/n/10.95 (+20) 20features % 20absolute ,[] range % 2C % 20and % 20simp
le % 20to % 20interpret % 20display % 20output .
 []


Underfull \hbox (badness 10000) in paragraph at lines 26--29
\T1/lmr/m/n/10.95 (+20) &text = Signals % 20at % 20as % 20low % 20a % 20level %
 20as ,[] the % 20spectrum % 20analyzer % 20with %
 []

) [26

] (./Main.aux)

LaTeX Warning: There were undefined references.

Package rerunfilecheck Info: File `Main.out' has not changed.
(rerunfilecheck)             Checksum: 756E40D968DF82612F7C1ACCDEAAEDA4;7280.
 ) 
Here is how much of TeX's memory you used:
 35834 strings out of 478287
 675327 string characters out of 5849289
 1204717 words of memory out of 5000000
 53024 multiletter control sequences out of 15000+600000
 569694 words of font info for 206 fonts, out of 8000000 for 9000
 1141 hyphenation exceptions out of 8191
 111i,15n,108p,1205b,1314s stack positions out of 5000i,500n,10000p,200000b,80000s
pdfTeX warning (dest): name{Hfootnote.1} has been referenced but does not exi
st, replaced by a fixed one

{/usr/share/texmf/fonts/enc/dvips/lm/lm-mathsy.enc}{/usr/share/texmf/fonts/enc/
dvips/lm/lm-rm.enc}{/usr/share/texmf/fonts/enc/dvips/lm/lm-mathit.enc}{/usr/sha
re/texmf/fonts/enc/dvips/lm/lm-ts1.enc}{/usr/share/texmf/fonts/enc/dvips/lm/lm-
ec.enc}</usr/share/texmf/fonts/type1/public/lm/lmbx10.pfb></usr/share/texmf/fon
ts/type1/public/lm/lmbx12.pfb></usr/share/texmf/fonts/type1/public/lm/lmmi10.pf
b></usr/share/texmf/fonts/type1/public/lm/lmmi8.pfb></usr/share/texmf/fonts/typ
e1/public/lm/lmr10.pfb></usr/share/texmf/fonts/type1/public/lm/lmr12.pfb></usr/
share/texmf/fonts/type1/public/lm/lmr17.pfb></usr/share/texmf/fonts/type1/publi
c/lm/lmr6.pfb></usr/share/texmf/fonts/type1/public/lm/lmr8.pfb></usr/share/texm
f/fonts/type1/public/lm/lmr9.pfb></usr/share/texmf/fonts/type1/public/lm/lmri10
.pfb></usr/share/texmf/fonts/type1/public/lm/lmsy10.pfb></usr/share/texmf/fonts
/type1/public/lm/lmsy8.pfb>
Output written on Main.pdf (35 pages, 877644 bytes).
PDF statistics:
 877 PDF objects out of 1000 (max. 8388607)
 776 compressed objects within 8 object streams
 175 named destinations out of 1000 (max. 500000)
 55612 words of extra memory for PDF output out of 61914 (max. 10000000)

