\BOOKMARK [0][-]{chapter*.5}{\376\377\000L\000i\000s\000t\000\040\000o\000f\000\040\000F\000i\000g\000u\000r\000e\000s}{}% 1
\BOOKMARK [0][-]{section*.6}{\376\377\000A\000b\000b\000r\000e\000v\000i\000a\000t\000i\000o\000n\000s}{}% 2
\BOOKMARK [0][-]{chapter.1}{\376\377\000I\000n\000t\000r\000o\000d\000u\000c\000t\000i\000o\000n\000\040}{}% 3
\BOOKMARK [1][-]{section.1.1}{\376\377\000B\000a\000c\000k\000g\000r\000o\000u\000n\000d}{chapter.1}% 4
\BOOKMARK [1][-]{section.1.2}{\376\377\000O\000b\000j\000e\000c\000t\000i\000v\000e\000s}{chapter.1}% 5
\BOOKMARK [1][-]{section.1.3}{\376\377\000P\000r\000o\000j\000e\000c\000t\000\040\000R\000e\000q\000u\000i\000r\000e\000m\000e\000n\000t\000s}{chapter.1}% 6
\BOOKMARK [1][-]{section.1.4}{\376\377\000S\000c\000o\000p\000e\000\040\000\046\000\040\000L\000i\000m\000i\000t\000a\000t\000i\000o\000n\000s}{chapter.1}% 7
\BOOKMARK [1][-]{section.1.5}{\376\377\000R\000e\000p\000o\000r\000t\000\040\000O\000u\000t\000l\000i\000n\000e}{chapter.1}% 8
\BOOKMARK [0][-]{chapter.2}{\376\377\000L\000i\000t\000e\000r\000a\000t\000u\000r\000e\000\040\000R\000e\000v\000i\000e\000w\000\040}{}% 9
\BOOKMARK [1][-]{section.2.1}{\376\377\000M\000i\000t\000i\000g\000a\000t\000i\000n\000g\000\040\000S\000p\000e\000c\000t\000r\000u\000m\000\040\000A\000n\000a\000l\000y\000z\000e\000r\000\040\000O\000b\000s\000o\000l\000e\000s\000c\000e\000n\000c\000e\000:\000\040\000A\000\040\000H\000i\000s\000t\000o\000r\000i\000c\000a\000l\000\040\000P\000e\000r\000s\000p\000e\000c\000t\000i\000v\000e}{chapter.2}% 10
\BOOKMARK [2][-]{subsection.2.1.1}{\376\377\000I\000n\000t\000r\000o\000d\000u\000c\000t\000i\000o\000n\000\040\000t\000o\000\040\000S\000p\000e\000c\000t\000r\000u\000m\000\040\000A\000n\000a\000l\000y\000s\000i\000s}{section.2.1}% 11
\BOOKMARK [2][-]{subsection.2.1.2}{\376\377\000E\000a\000r\000l\000y\000\040\000D\000e\000v\000e\000l\000o\000p\000m\000e\000n\000t\000s\000\040\000i\000n\000\040\000W\000a\000v\000e\000f\000o\000r\000m\000\040\000A\000n\000a\000l\000y\000s\000i\000s}{section.2.1}% 12
\BOOKMARK [2][-]{subsection.2.1.3}{\376\377\000A\000d\000v\000a\000n\000c\000e\000m\000e\000n\000t\000s\000\040\000i\000n\000\040\000S\000p\000e\000c\000t\000r\000u\000m\000\040\000A\000n\000a\000l\000y\000s\000i\000s\000\040\000T\000e\000c\000h\000n\000o\000l\000o\000g\000y}{section.2.1}% 13
\BOOKMARK [2][-]{subsection.2.1.4}{\376\377\000E\000a\000r\000l\000y\000\040\000M\000o\000d\000i\000f\000i\000c\000a\000t\000i\000o\000n\000s\000\040\000t\000o\000\040\000S\000p\000e\000c\000t\000r\000u\000m\000\040\000A\000n\000a\000l\000y\000z\000e\000r\000s\000\040\000\050\0001\0009\0006\0000\000s\000\040\000-\000\040\0001\0009\0008\0000\000s\000\051}{section.2.1}% 14
\BOOKMARK [2][-]{subsection.2.1.5}{\376\377\000C\000o\000m\000m\000e\000r\000c\000i\000a\000l\000\040\000D\000i\000g\000i\000t\000i\000z\000a\000t\000i\000o\000n\000\040\000o\000f\000\040\000S\000p\000e\000c\000t\000r\000u\000m\000\040\000A\000n\000a\000l\000y\000z\000e\000r\000s}{section.2.1}% 15
\BOOKMARK [2][-]{subsection.2.1.6}{\376\377\000O\000b\000s\000o\000l\000e\000s\000c\000e\000n\000c\000e\000\040\000M\000i\000t\000i\000g\000a\000t\000i\000o\000n\000\040\000a\000n\000d\000\040\000M\000o\000d\000e\000r\000n\000i\000z\000a\000t\000i\000o\000n\000\040\000S\000t\000r\000a\000t\000e\000g\000i\000e\000s}{section.2.1}% 16
\BOOKMARK [2][-]{subsection.2.1.7}{\376\377\000C\000o\000n\000c\000l\000u\000s\000i\000o\000n}{section.2.1}% 17
\BOOKMARK [1][-]{section.2.2}{\376\377\000A\000\040\000P\000r\000e\000v\000i\000e\000w\000\040\000o\000f\000\040\000t\000h\000e\000\040\000O\000p\000e\000r\000a\000t\000i\000o\000n\000\040\000o\000f\000\040\000S\000p\000e\000c\000t\000r\000u\000m\000\040\000A\000n\000a\000l\000y\000z\000e\000r\000s\000\040\000t\000o\000\040\000E\000s\000t\000a\000b\000l\000i\000s\000h\000\040\000t\000h\000e\000\040\000C\000o\000n\000t\000e\000x\000t\000\040\000f\000o\000r\000\040\000D\000i\000g\000i\000t\000i\000z\000a\000t\000i\000o\000n\000\040\000a\000n\000d\000\040\000M\000o\000d\000e\000r\000n\000i\000z\000a\000t\000i\000o\000n}{chapter.2}% 18
\BOOKMARK [2][-]{subsection.2.2.1}{\376\377\000C\000l\000a\000s\000s\000i\000f\000i\000c\000a\000t\000i\000o\000n\000s\000\040\000o\000f\000\040\000S\000p\000e\000c\000t\000r\000u\000m\000\040\000A\000n\000a\000l\000y\000z\000e\000r\000s}{section.2.2}% 19
\BOOKMARK [2][-]{subsection.2.2.2}{\376\377\000P\000r\000i\000m\000a\000r\000y\000\040\000C\000o\000m\000p\000o\000n\000e\000n\000t\000s\000\040\000o\000f\000\040\000S\000p\000e\000c\000t\000r\000u\000m\000\040\000A\000n\000a\000l\000y\000z\000e\000r\000s}{section.2.2}% 20
\BOOKMARK [2][-]{subsection.2.2.3}{\376\377\000F\000e\000a\000t\000u\000r\000e\000s\000\040\000o\000f\000\040\000M\000o\000d\000e\000r\000n\000\040\000S\000p\000e\000c\000t\000r\000u\000m\000\040\000A\000n\000a\000l\000y\000z\000e\000r\000\040\000D\000i\000s\000p\000l\000a\000y\000s}{section.2.2}% 21
\BOOKMARK [1][-]{section.2.3}{\376\377\000D\000i\000g\000i\000t\000i\000z\000i\000n\000g\000\040\000S\000p\000e\000c\000t\000r\000u\000m\000\040\000A\000n\000a\000l\000y\000z\000e\000r\000\040\000O\000u\000t\000p\000u\000t\000s}{chapter.2}% 22
\BOOKMARK [2][-]{subsection.2.3.1}{\376\377\000O\000u\000t\000p\000u\000t\000\040\000V\000o\000l\000t\000a\000g\000e\000\040\000R\000e\000g\000u\000l\000a\000t\000i\000o\000n\000\040\000a\000n\000d\000\040\000P\000r\000e\000p\000a\000r\000a\000t\000i\000o\000n\000\040\000f\000o\000r\000\040\000F\000r\000e\000q\000u\000e\000n\000c\000y\000\040\000A\000n\000a\000l\000y\000s\000i\000s}{section.2.3}% 23
\BOOKMARK [2][-]{subsection.2.3.2}{\376\377\000T\000r\000a\000n\000s\000f\000o\000r\000m\000i\000n\000g\000\040\000S\000p\000e\000c\000t\000r\000u\000m\000\040\000A\000n\000a\000l\000y\000z\000e\000r\000\040\000O\000u\000t\000p\000u\000t\000\040\000S\000i\000g\000n\000a\000l\000s\000\040\000t\000o\000\040\000D\000i\000g\000i\000t\000a\000l\000\040\000F\000r\000e\000q\000u\000e\000n\000c\000y\000\040\000D\000o\000m\000a\000i\000n}{section.2.3}% 24
\BOOKMARK [2][-]{subsection.2.3.3}{\376\377\000I\000n\000t\000e\000r\000f\000a\000c\000i\000n\000g\000\040\000C\000o\000m\000p\000u\000t\000e\000r\000s\000\040\000w\000i\000t\000h\000\040\000S\000p\000e\000c\000t\000r\000u\000m\000\040\000A\000n\000a\000l\000y\000z\000e\000r\000s}{section.2.3}% 25
\BOOKMARK [0][-]{chapter.3}{\376\377\000M\000e\000t\000h\000o\000d\000o\000l\000o\000g\000y\000\040}{}% 26
\BOOKMARK [1][-]{section.3.1}{\376\377\000M\000e\000t\000h\000o\000d\000o\000l\000o\000g\000y\000\040\000O\000u\000t\000l\000i\000n\000e}{chapter.3}% 27
\BOOKMARK [1][-]{section.3.2}{\376\377\000P\000h\000a\000s\000e\000s\000\040\000i\000n\000\040\000t\000h\000e\000\040\000D\000e\000s\000i\000g\000n\000\040\000P\000r\000o\000c\000e\000s\000s}{chapter.3}% 28
\BOOKMARK [1][-]{section.3.3}{\376\377\000R\000e\000q\000u\000i\000r\000e\000m\000e\000n\000t\000s\000\040\000R\000e\000v\000i\000e\000w}{chapter.3}% 29
\BOOKMARK [2][-]{subsection.3.3.1}{\376\377\000C\000o\000m\000p\000a\000r\000i\000n\000g\000\040\000t\000h\000e\000\040\000H\000P\0001\0004\0001\000T\000\040\000S\000y\000s\000t\000e\000m\000\040\000t\000o\000\040\000M\000o\000d\000e\000r\000n\000\040\000S\000p\000e\000c\000t\000r\000u\000m\000\040\000A\000n\000a\000l\000y\000z\000e\000r\000s}{section.3.3}% 30
\BOOKMARK [2][-]{subsection.3.3.2}{\376\377\000D\000a\000t\000a\000\040\000A\000c\000q\000u\000i\000s\000i\000t\000i\000o\000n\000\040\000i\000n\000\040\000D\000i\000g\000i\000t\000i\000z\000i\000n\000g\000\040\000t\000h\000e\000\040\000H\000P\0001\0004\0001\000T}{section.3.3}% 31
\BOOKMARK [2][-]{subsection.3.3.3}{\376\377\000D\000e\000s\000i\000g\000n\000\040\000C\000o\000n\000s\000i\000d\000e\000r\000a\000t\000i\000o\000n\000s\000\040\000i\000n\000\040\000S\000a\000t\000i\000s\000f\000y\000i\000n\000g\000\040\000D\000i\000s\000p\000l\000a\000y\000\040\000R\000e\000q\000u\000i\000r\000e\000m\000e\000n\000t\000s}{section.3.3}% 32
\BOOKMARK [2][-]{subsection.3.3.4}{\376\377\000E\000q\000u\000i\000p\000m\000e\000n\000t\000\040\000f\000o\000r\000\040\000D\000e\000b\000u\000g\000g\000i\000n\000g\000\040\000a\000n\000d\000\040\000T\000e\000s\000t\000i\000n\000g}{section.3.3}% 33
\BOOKMARK [1][-]{section.3.4}{\376\377\000S\000y\000s\000t\000e\000m\000\040\000D\000e\000s\000i\000g\000n}{chapter.3}% 34
\BOOKMARK [2][-]{subsection.3.4.1}{\376\377\000O\000v\000e\000r\000v\000i\000e\000w\000\040\000S\000y\000s\000t\000e\000m\000\040\000B\000l\000o\000c\000k\000\040\000D\000i\000a\000g\000r\000a\000m}{section.3.4}% 35
\BOOKMARK [2][-]{subsection.3.4.2}{\376\377\000S\000y\000s\000t\000e\000m\000\040\000M\000o\000d\000u\000l\000a\000r\000i\000z\000a\000t\000i\000o\000n}{section.3.4}% 36
\BOOKMARK [2][-]{subsection.3.4.3}{\376\377\000D\000i\000g\000i\000t\000a\000l\000\040\000P\000r\000o\000c\000e\000s\000s\000i\000n\000g\000\040\000S\000u\000b\000s\000y\000s\000t\000e\000m}{section.3.4}% 37
\BOOKMARK [2][-]{subsection.3.4.4}{\376\377\000G\000r\000a\000p\000h\000i\000c\000a\000l\000\040\000U\000s\000e\000r\000\040\000I\000n\000t\000e\000r\000f\000a\000c\000e\000\040\000S\000u\000b\000s\000y\000s\000t\000e\000m}{section.3.4}% 38
\BOOKMARK [1][-]{section.3.5}{\376\377\000E\000x\000p\000e\000r\000i\000m\000e\000n\000t\000a\000l\000\040\000T\000e\000s\000t\000\040\000P\000r\000o\000c\000e\000d\000u\000r\000e\000s}{chapter.3}% 39
\BOOKMARK [2][-]{subsection.3.5.1}{\376\377\000U\000n\000i\000t\000\040\000T\000e\000s\000t\000s\000\040\000f\000o\000r\000\040\000S\000u\000b\000s\000y\000s\000t\000e\000m\000\040\000V\000e\000r\000i\000f\000i\000c\000a\000t\000i\000o\000n}{section.3.5}% 40
\BOOKMARK [2][-]{subsection.3.5.2}{\376\377\000I\000n\000t\000e\000g\000r\000a\000t\000i\000o\000n\000\040\000T\000e\000s\000t\000s\000\040\000f\000o\000r\000\040\000O\000v\000e\000r\000a\000l\000l\000\040\000D\000i\000g\000i\000t\000i\000z\000e\000d\000\040\000H\000P\0001\0004\0001\000T\000\040\000S\000y\000s\000t\000e\000m\000\040\000V\000e\000r\000i\000f\000i\000c\000a\000t\000i\000o\000n}{section.3.5}% 41
\BOOKMARK [2][-]{subsection.3.5.3}{\376\377\000A\000c\000c\000e\000p\000t\000a\000n\000c\000e\000\040\000T\000e\000s\000t\000s}{section.3.5}% 42
\BOOKMARK [0][-]{chapter.4}{\376\377\000R\000e\000s\000u\000l\000t\000s\000\040\000a\000n\000d\000\040\000D\000i\000s\000c\000u\000s\000s\000i\000o\000n}{}% 43
\BOOKMARK [1][-]{section.4.1}{\376\377\000H\000P\0001\0004\0001\000T\000\040\000E\000m\000u\000l\000a\000t\000o\000r\000\040\000S\000u\000b\000s\000y\000s\000t\000e\000m\000\040\000T\000e\000s\000t\000\040\000R\000e\000s\000u\000l\000t\000s}{chapter.4}% 44
\BOOKMARK [1][-]{section.4.2}{\376\377\000S\000i\000g\000n\000a\000l\000\040\000C\000o\000n\000d\000i\000t\000i\000o\000n\000i\000n\000g\000\040\000S\000u\000b\000s\000y\000s\000t\000e\000m\000\040\000R\000e\000s\000u\000l\000t\000s}{chapter.4}% 45
\BOOKMARK [1][-]{section.4.3}{\376\377\000D\000a\000t\000a\000\040\000A\000c\000q\000u\000i\000s\000i\000t\000i\000o\000n\000\040\000S\000u\000b\000s\000y\000s\000t\000e\000m\000\040\000R\000e\000s\000u\000l\000t\000s}{chapter.4}% 46
\BOOKMARK [1][-]{section.4.4}{\376\377\000D\000i\000g\000i\000t\000a\000l\000\040\000P\000r\000o\000c\000e\000s\000s\000i\000n\000g\000\040\000S\000u\000b\000s\000y\000s\000t\000e\000m\000\040\000R\000e\000s\000u\000l\000t\000s}{chapter.4}% 47
\BOOKMARK [1][-]{section.4.5}{\376\377\000G\000r\000a\000p\000h\000i\000c\000a\000l\000\040\000U\000s\000e\000r\000\040\000I\000n\000t\000e\000r\000f\000a\000c\000e\000\040\000R\000e\000s\000u\000l\000t\000s}{chapter.4}% 48
\BOOKMARK [1][-]{section.4.6}{\376\377\000I\000n\000t\000e\000g\000r\000a\000t\000e\000d\000\040\000S\000y\000s\000t\000e\000m\000\040\000P\000e\000r\000f\000o\000r\000m\000a\000n\000c\000e}{chapter.4}% 49
\BOOKMARK [0][-]{chapter.5}{\376\377\000C\000o\000n\000c\000l\000u\000s\000i\000o\000n\000s\000\040}{}% 50
\BOOKMARK [0][-]{chapter.6}{\376\377\000R\000e\000c\000o\000m\000m\000e\000n\000d\000a\000t\000i\000o\000n\000s\000\040}{}% 51
\BOOKMARK [1][-]{section.6.1}{\376\377\000H\000a\000r\000d\000w\000a\000r\000e\000\040\000R\000e\000c\000o\000m\000m\000e\000n\000d\000a\000t\000i\000o\000n\000s}{chapter.6}% 52
\BOOKMARK [0][-]{chapter*.94}{\376\377\000B\000i\000b\000l\000i\000o\000g\000r\000a\000p\000h\000y}{}% 53
\BOOKMARK [0][-]{appendix.A}{\376\377\000A\000p\000p\000e\000n\000d\000i\000x}{}% 54
\BOOKMARK [1][-]{section.A.1}{\376\377\000D\000a\000t\000a\000\040\000A\000c\000q\000u\000i\000s\000i\000t\000i\000o\000n\000\040\000S\000u\000b\000s\000y\000s\000t\000e\000m\000\040\000C\000o\000d\000e}{appendix.A}% 55
\BOOKMARK [2][-]{subsection.A.1.1}{\376\377\000d\000a\000s\000\040\000M\000a\000c\000r\000o\000s}{section.A.1}% 56
\BOOKMARK [2][-]{subsection.A.1.2}{\376\377\000I\000m\000p\000l\000e\000m\000e\000n\000t\000i\000n\000g\000\040\000D\000i\000r\000e\000c\000t\000\040\000M\000e\000m\000o\000r\000y\000\040\000A\000c\000c\000e\000s\000s\000\040\000f\000o\000r\000\040\000d\000a\000s}{section.A.1}% 57
\BOOKMARK [1][-]{section.A.2}{\376\377\000D\000i\000g\000i\000t\000a\000l\000\040\000P\000r\000o\000c\000e\000s\000s\000i\000n\000g\000\040\000S\000u\000b\000s\000y\000s\000t\000e\000m\000\040\000C\000o\000d\000e}{appendix.A}% 58
\BOOKMARK [2][-]{subsection.A.2.1}{\376\377\000U\000s\000i\000n\000g\000\040\000P\000i\000e\000c\000e\000w\000i\000s\000e\000\040\000C\000u\000b\000i\000c\000\040\000P\000o\000l\000y\000n\000o\000m\000i\000a\000l\000\040\000I\000n\000t\000e\000r\000p\000o\000l\000a\000t\000i\000o\000n\000\040\000t\000o\000\040\000S\000m\000o\000o\000t\000h\000\040\000D\000i\000s\000p\000l\000a\000y}{section.A.2}% 59
\BOOKMARK [1][-]{section.A.3}{\376\377\000G\000r\000a\000p\000h\000i\000c\000a\000l\000\040\000U\000s\000e\000r\000\040\000I\000n\000t\000e\000r\000f\000a\000c\000e\000\040\000C\000o\000d\000e}{appendix.A}% 60
\BOOKMARK [2][-]{subsection.A.3.1}{\376\377\000P\000a\000u\000s\000e\000\040\000F\000u\000n\000c\000t\000i\000o\000n\000a\000l\000i\000t\000y\000\040\000I\000m\000p\000l\000e\000m\000e\000n\000t\000e\000d\000\040\000o\000n\000\040\000t\000h\000e\000\040\000S\000i\000n\000g\000l\000e\000-\000B\000o\000a\000r\000d\000\040\000C\000o\000m\000p\000u\000t\000e\000r}{section.A.3}% 61
\BOOKMARK [2][-]{subsection.A.3.2}{\376\377\000E\000n\000a\000b\000l\000i\000n\000g\000\040\000t\000h\000e\000\040\000p\000h\000m\000,\000\040\000a\000v\000m\000\040\000a\000n\000d\000\040\000r\000w\000m\000\040\000D\000i\000s\000p\000l\000a\000y\000\040\000M\000o\000d\000e\000s}{section.A.3}% 62
\BOOKMARK [2][-]{subsection.A.3.3}{\376\377\000S\000y\000s\000t\000e\000m\000\040\000D\000o\000c\000u\000m\000e\000n\000t\000a\000t\000i\000o\000n\000\040\000a\000n\000d\000\040\000T\000u\000t\000o\000r\000i\000a\000l\000\040\000f\000o\000r\000\040\000U\000s\000e\000r\000s}{section.A.3}% 63
\BOOKMARK [0][-]{appendix.B}{\376\377\000A\000p\000p\000e\000n\000d\000i\000x}{}% 64
\BOOKMARK [1][-]{section.B.1}{\376\377\000P\000r\000o\000j\000e\000c\000t\000\040\000M\000a\000n\000a\000g\000e\000m\000e\000n\000t\000\040\000D\000o\000c\000u\000m\000e\000n\000t\000a\000t\000i\000o\000n}{appendix.B}% 65
\BOOKMARK [2][-]{subsection.B.1.1}{\376\377\000G\000a\000n\000t\000t\000\040\000C\000h\000a\000r\000t}{section.B.1}% 66
\BOOKMARK [2][-]{subsection.B.1.2}{\376\377\000B\000i\000l\000l\000\040\000o\000f\000\040\000M\000a\000t\000e\000r\000i\000a\000l\000s}{section.B.1}% 67
\BOOKMARK [2][-]{subsection.B.1.3}{\376\377\000G\000i\000t\000H\000u\000b\000\040\000L\000o\000g\000\040\000f\000o\000r\000\040\000V\000e\000r\000s\000i\000o\000n\000\040\000C\000o\000n\000t\000r\000o\000l}{section.B.1}% 68
\BOOKMARK [0][-]{appendix.C}{\376\377\000A\000p\000p\000e\000n\000d\000i\000x}{}% 69
\BOOKMARK [1][-]{section.C.1}{\376\377\000A\000I\000\040\000U\000s\000a\000g\000e\000\040\000H\000i\000s\000t\000o\000r\000y}{appendix.C}% 70
\BOOKMARK [2][-]{subsection.C.1.1}{\376\377\000P\000r\000o\000m\000p\000t\000s\000\040\000a\000n\000d\000\040\000R\000e\000s\000u\000l\000t\000s\000\040\000f\000o\000r\000\040\000C\000l\000a\000r\000i\000f\000i\000c\000a\000t\000i\000o\000n}{section.C.1}% 71
\BOOKMARK [2][-]{subsection.C.1.2}{\376\377\000P\000r\000o\000m\000p\000t\000s\000\040\000f\000o\000r\000\040\000E\000d\000i\000t\000i\000n\000g}{section.C.1}% 72
\BOOKMARK [2][-]{subsection.C.1.3}{\376\377\000P\000r\000o\000m\000p\000t\000s\000\040\000f\000o\000r\000\040\000D\000e\000b\000u\000g\000g\000i\000n\000g}{section.C.1}% 73
\BOOKMARK [0][-]{appendix.D}{\376\377\000A\000p\000p\000e\000n\000d\000i\000x}{}% 74
\BOOKMARK [1][-]{section.D.1}{\376\377\000G\000r\000a\000d\000u\000a\000t\000e\000\040\000A\000t\000t\000r\000i\000b\000u\000t\000e\000s}{appendix.D}% 75
\BOOKMARK [2][-]{subsection.D.1.1}{\376\377\000G\000A\000\040\000T\000a\000b\000l\000e}{section.D.1}% 76
